  [1m[35m (8.0ms)[0m  [1m[34mSELECT sqlite_version(*)[0m
  [1m[35m (2.2ms)[0m  [1m[35mCREATE TABLE "schema_migrations" ("version" varchar NOT NULL PRIMARY KEY)[0m
  [1m[35m (3.2ms)[0m  [1m[35mCREATE TABLE "ar_internal_metadata" ("key" varchar NOT NULL PRIMARY KEY, "value" varchar, "created_at" datetime(6) NOT NULL, "updated_at" datetime(6) NOT NULL)[0m
  [1m[35m (0.2ms)[0m  [1m[34mSELECT "schema_migrations"."version" FROM "schema_migrations" ORDER BY "schema_migrations"."version" ASC[0m
Migrating to CreateUsers (20210101071350)
  [1m[36mTRANSACTION (0.1ms)[0m  [1m[36mbegin transaction[0m
  [1m[35m (0.5ms)[0m  [1m[35mCREATE TABLE "users" ("id" integer PRIMARY KEY AUTOINCREMENT NOT NULL, "name" varchar, "created_at" datetime(6) NOT NULL, "updated_at" datetime(6) NOT NULL)[0m
  [1m[36mActiveRecord::SchemaMigration Create (0.2ms)[0m  [1m[32mINSERT INTO "schema_migrations" ("version") VALUES (?)[0m  [["version", "20210101071350"]]
  [1m[36mTRANSACTION (2.5ms)[0m  [1m[36mcommit transaction[0m
Migrating to CreateBooks (20210101071645)
  [1m[36mTRANSACTION (0.1ms)[0m  [1m[36mbegin transaction[0m
  [1m[35m (0.6ms)[0m  [1m[35mCREATE TABLE "books" ("id" integer PRIMARY KEY AUTOINCREMENT NOT NULL, "title" varchar, "author" varchar, "review" text, "rating" integer, "user_id" integer NOT NULL, "created_at" datetime(6) NOT NULL, "updated_at" datetime(6) NOT NULL, CONSTRAINT "fk_rails_bc582ddd02"
FOREIGN KEY ("user_id")
  REFERENCES "users" ("id")
)[0m
  [1m[35m (0.2ms)[0m  [1m[35mCREATE INDEX "index_books_on_user_id" ON "books" ("user_id")[0m
  [1m[36mActiveRecord::SchemaMigration Create (0.2ms)[0m  [1m[32mINSERT INTO "schema_migrations" ("version") VALUES (?)[0m  [["version", "20210101071645"]]
  [1m[36mTRANSACTION (2.6ms)[0m  [1m[36mcommit transaction[0m
  [1m[36mActiveRecord::InternalMetadata Load (0.3ms)[0m  [1m[34mSELECT "ar_internal_metadata".* FROM "ar_internal_metadata" WHERE "ar_internal_metadata"."key" = ? LIMIT ?[0m  [["key", "environment"], ["LIMIT", 1]]
  [1m[36mTRANSACTION (0.1ms)[0m  [1m[36mbegin transaction[0m
  [1m[36mActiveRecord::InternalMetadata Create (0.4ms)[0m  [1m[32mINSERT INTO "ar_internal_metadata" ("key", "value", "created_at", "updated_at") VALUES (?, ?, ?, ?)[0m  [["key", "environment"], ["value", "development"], ["created_at", "2021-01-01 07:16:57.066444"], ["updated_at", "2021-01-01 07:16:57.066444"]]
  [1m[36mTRANSACTION (2.5ms)[0m  [1m[36mcommit transaction[0m
  [1m[35m (0.1ms)[0m  [1m[34mSELECT sqlite_version(*)[0m
  [1m[35m (0.1ms)[0m  [1m[34mSELECT "schema_migrations"."version" FROM "schema_migrations" ORDER BY "schema_migrations"."version" ASC[0m
  [1m[35m (3.6ms)[0m  [1m[34mSELECT sqlite_version(*)[0m
  [1m[36mTRANSACTION (0.1ms)[0m  [1m[36mbegin transaction[0m
  [1m[36mUser Create (9.2ms)[0m  [1m[32mINSERT INTO "users" ("name", "created_at", "updated_at") VALUES (?, ?, ?)[0m  [["name", "Gabby"], ["created_at", "2021-01-01 09:40:29.912280"], ["updated_at", "2021-01-01 09:40:29.912280"]]
  [1m[36mTRANSACTION (3.2ms)[0m  [1m[36mcommit transaction[0m
Started GET "/" for ::1 at 2021-01-01 01:43:54 -0800
  [1m[35m (3.9ms)[0m  [1m[34mSELECT sqlite_version(*)[0m
  [1m[35m (3.0ms)[0m  [1m[34mSELECT "schema_migrations"."version" FROM "schema_migrations" ORDER BY "schema_migrations"."version" ASC[0m
Processing by Rails::WelcomeController#index as HTML
  Rendering /Users/gabrielajohnson/.rvm/gems/ruby-2.6.1/gems/railties-6.1.0/lib/rails/templates/rails/welcome/index.html.erb
  Rendered /Users/gabrielajohnson/.rvm/gems/ruby-2.6.1/gems/railties-6.1.0/lib/rails/templates/rails/welcome/index.html.erb (Duration: 16.6ms | Allocations: 480)
Completed 200 OK in 63ms (Views: 29.0ms | ActiveRecord: 0.0ms | Allocations: 4150)


Started GET "/favicon.ico" for ::1 at 2021-01-01 01:43:55 -0800
  
ActionController::RoutingError (No route matches [GET] "/favicon.ico"):
  
Started GET "/api/v1/users" for ::1 at 2021-01-01 01:44:52 -0800
  
ActionController::RoutingError (uninitialized constant Api):
  
Started GET "/api/v1/users" for ::1 at 2021-01-01 01:44:59 -0800
  
ActionController::RoutingError (uninitialized constant Api):
  
  [1m[35m (4.0ms)[0m  [1m[34mSELECT sqlite_version(*)[0m
  [1m[36mBook Load (0.3ms)[0m  [1m[34mSELECT "books".* FROM "books" /* loading for inspect */ LIMIT ?[0m  [["LIMIT", 11]]
  [1m[36mTRANSACTION (0.1ms)[0m  [1m[36mbegin transaction[0m
  [1m[36mUser Load (0.2ms)[0m  [1m[34mSELECT "users".* FROM "users" WHERE "users"."id" = ? LIMIT ?[0m  [["id", 1], ["LIMIT", 1]]
  [1m[36mBook Create (3.5ms)[0m  [1m[32mINSERT INTO "books" ("title", "author", "review", "rating", "user_id", "created_at", "updated_at") VALUES (?, ?, ?, ?, ?, ?, ?)[0m  [["title", "test"], ["author", "test"], ["review", "test"], ["rating", 1], ["user_id", 1], ["created_at", "2021-01-01 09:52:04.381011"], ["updated_at", "2021-01-01 09:52:04.381011"]]
  [1m[36mTRANSACTION (3.7ms)[0m  [1m[36mcommit transaction[0m
Started GET "/api/v1/users" for ::1 at 2021-01-01 01:52:45 -0800
  [1m[35m (3.7ms)[0m  [1m[34mSELECT sqlite_version(*)[0m
  [1m[35m (2.4ms)[0m  [1m[34mSELECT "schema_migrations"."version" FROM "schema_migrations" ORDER BY "schema_migrations"."version" ASC[0m
  
ActionController::RoutingError (uninitialized constant Api):
  
Started GET "/api/v1/books" for ::1 at 2021-01-01 01:52:51 -0800
  
ActionController::RoutingError (uninitialized constant Api):
  
Started GET "/api/v1/books" for ::1 at 2021-01-01 01:56:32 -0800
  
ActionController::RoutingError (uninitialized constant Api):
  
Started GET "/api/v1/books" for ::1 at 2021-01-01 01:57:09 -0800
  
ActionController::RoutingError (uninitialized constant Api):
  
Started GET "/api/v1/books" for ::1 at 2021-01-01 01:58:50 -0800
  
ActionController::RoutingError (uninitialized constant Api):
  
Started GET "/api/v1/users" for ::1 at 2021-01-01 02:01:01 -0800
  
ActionController::RoutingError (uninitialized constant Api):
  
Started GET "/api/v1/users" for ::1 at 2021-01-01 13:59:06 -0800
  
ActionController::RoutingError (uninitialized constant Api):
  
Started GET "/api/v1/users" for ::1 at 2021-01-01 17:21:23 -0800
  
ActionController::RoutingError (uninitialized constant Api):
  
  [1m[35m (3.8ms)[0m  [1m[34mSELECT sqlite_version(*)[0m
  [1m[36mBook Load (0.4ms)[0m  [1m[34mSELECT "books".* FROM "books" /* loading for inspect */ LIMIT ?[0m  [["LIMIT", 11]]
  [1m[36mUser Load (0.2ms)[0m  [1m[34mSELECT "users".* FROM "users" /* loading for inspect */ LIMIT ?[0m  [["LIMIT", 11]]
Started GET "/api/v1/users" for ::1 at 2021-01-01 20:41:57 -0800
  [1m[35m (0.4ms)[0m  [1m[34mSELECT sqlite_version(*)[0m
  [1m[35m (0.3ms)[0m  [1m[34mSELECT "schema_migrations"."version" FROM "schema_migrations" ORDER BY "schema_migrations"."version" ASC[0m
  
ActionController::RoutingError (uninitialized constant Api):
  
Started GET "/favicon.ico" for ::1 at 2021-01-01 20:41:59 -0800
  
ActionController::RoutingError (No route matches [GET] "/favicon.ico"):
  
Started GET "/api/v1/books" for ::1 at 2021-01-01 20:42:04 -0800
  
ActionController::RoutingError (uninitialized constant Api):
  
Started GET "/api/v1/books" for ::1 at 2021-01-01 20:45:32 -0800
  
ActionController::RoutingError (uninitialized constant Api):
  
Started GET "/api/v1/books" for ::1 at 2021-01-01 20:45:39 -0800
  
ActionController::RoutingError (uninitialized constant Api):
  
Started GET "/api/v1/users" for ::1 at 2021-01-01 20:46:27 -0800
  
ActionController::RoutingError (uninitialized constant Api):
  
Started GET "/api/v1/users" for ::1 at 2021-01-01 20:55:23 -0800
  [1m[35m (3.7ms)[0m  [1m[34mSELECT sqlite_version(*)[0m
  [1m[35m (4.9ms)[0m  [1m[34mSELECT "schema_migrations"."version" FROM "schema_migrations" ORDER BY "schema_migrations"."version" ASC[0m
  
ActionController::RoutingError (uninitialized constant Api):
  
Started GET "/api/v1/users" for ::1 at 2021-01-01 20:59:33 -0800
  
ActionController::RoutingError (uninitialized constant Api):
  
Started GET "/api/v1/users" for ::1 at 2021-01-01 20:59:38 -0800
  
ActionController::RoutingError (uninitialized constant Api):
  
Started POST "/api/v1/users" for ::1 at 2021-01-01 21:01:54 -0800
  
ActionController::RoutingError (uninitialized constant Api):
  
Started GET "/api/v1/books" for ::1 at 2021-01-01 21:02:04 -0800
  
ActionController::RoutingError (uninitialized constant Api):
  
Started GET "/api/v1/books" for ::1 at 2021-01-01 21:14:07 -0800
  
ActionController::RoutingError (uninitialized constant Api):
  
Started GET "/api/v1/books" for ::1 at 2021-01-01 21:14:14 -0800
  
ActionController::RoutingError (uninitialized constant Api):
  
Started GET "/api/v1/users" for ::1 at 2021-01-01 21:14:19 -0800
  
ActionController::RoutingError (uninitialized constant Api):
  
Started GET "/api/v1/users" for ::1 at 2021-01-01 21:20:16 -0800
  
ActionController::RoutingError (uninitialized constant Api):
  
Started POST "/api/v1/users" for ::1 at 2021-01-01 21:31:15 -0800
  
ActionController::RoutingError (uninitialized constant Api):
  
Started POST "/api/v1/users" for ::1 at 2021-01-01 21:41:15 -0800
  
ActionController::RoutingError (uninitialized constant Api):
  
Started GET "/api/v1/users" for ::1 at 2021-01-01 21:46:50 -0800
  
ActionController::RoutingError (uninitialized constant Api):
  
Started GET "/api/v1/books" for ::1 at 2021-01-01 21:47:04 -0800
  
ActionController::RoutingError (uninitialized constant Api):
  
Started GET "/api/v1/users" for ::1 at 2021-01-01 21:51:36 -0800
  
ActionController::RoutingError (uninitialized constant Api):
  
Started POST "/api/v1/users" for ::1 at 2021-01-01 21:56:00 -0800
  
ActionController::RoutingError (uninitialized constant Api):
  
Started GET "/" for 127.0.0.1 at 2021-01-01 22:01:06 -0800
Processing by Rails::WelcomeController#index as HTML
  Rendering /Users/gabrielajohnson/.rvm/gems/ruby-2.6.1/gems/railties-6.1.0/lib/rails/templates/rails/welcome/index.html.erb
  Rendered /Users/gabrielajohnson/.rvm/gems/ruby-2.6.1/gems/railties-6.1.0/lib/rails/templates/rails/welcome/index.html.erb (Duration: 17.4ms | Allocations: 195)
Completed 200 OK in 49ms (Views: 21.6ms | Allocations: 1681)


Started GET "/favicon.ico" for 127.0.0.1 at 2021-01-01 22:01:07 -0800
  
ActionController::RoutingError (No route matches [GET] "/favicon.ico"):
  
Started GET "/api/users" for 127.0.0.1 at 2021-01-01 22:01:21 -0800
  
ActionController::RoutingError (No route matches [GET] "/api/users"):
  
Started GET "/api/v1//users" for 127.0.0.1 at 2021-01-01 22:01:44 -0800
  
ActionController::RoutingError (uninitialized constant Api):
  
Started GET "/api/v1/users" for 127.0.0.1 at 2021-01-01 22:01:48 -0800
  
ActionController::RoutingError (uninitialized constant Api):
  
Started GET "/api/v1/books" for ::1 at 2021-01-04 13:38:37 -0800
  [1m[35m (3.6ms)[0m  [1m[34mSELECT sqlite_version(*)[0m
  [1m[35m (0.2ms)[0m  [1m[34mSELECT "schema_migrations"."version" FROM "schema_migrations" ORDER BY "schema_migrations"."version" ASC[0m
  
ActionController::RoutingError (uninitialized constant Api):
  
Started POST "/api/v1/users" for ::1 at 2021-01-04 14:51:59 -0800
  
ActionController::RoutingError (uninitialized constant Api):
  
Started POST "/api/v1/users" for ::1 at 2021-01-04 14:53:04 -0800
  
ActionController::RoutingError (uninitialized constant Api):
  
Started GET "/api/v1/users" for ::1 at 2021-01-04 15:09:45 -0800
  
ActionController::RoutingError (uninitialized constant Api):
  
Started GET "/api/v1/users" for ::1 at 2021-01-04 15:09:48 -0800
  
ActionController::RoutingError (uninitialized constant Api):
  
Started GET "/api/v1/books" for ::1 at 2021-01-04 15:09:54 -0800
  
ActionController::RoutingError (uninitialized constant Api):
  
Started POST "/api/v1/users" for ::1 at 2021-01-04 15:11:02 -0800
  
ActionController::RoutingError (uninitialized constant Api):
  
Started POST "/api/v1/users" for ::1 at 2021-01-04 15:14:48 -0800
  
LocalJumpError (no block given (yield)):
  
config/routes.rb:7:in `block (3 levels) in <main>'
config/routes.rb:6:in `block (2 levels) in <main>'
config/routes.rb:5:in `block in <main>'
config/routes.rb:1:in `<main>'
Started POST "/api/v1/users" for ::1 at 2021-01-04 15:16:42 -0800
  
ActionController::RoutingError (No route matches [POST] "/api/v1/users"):
  
Started POST "/api/v1/users" for ::1 at 2021-01-04 15:16:59 -0800
  
ActionController::RoutingError (No route matches [POST] "/api/v1/users"):
  
Started GET "/api/v1/books" for ::1 at 2021-01-04 15:25:25 -0800
  
ActionController::RoutingError (uninitialized constant Api):
  
Started POST "/api/v1/users" for ::1 at 2021-01-04 15:25:54 -0800
  
ActionController::RoutingError (uninitialized constant Api):
  
Started GET "/api/v1/books" for ::1 at 2021-01-04 15:28:37 -0800
  
ActionController::RoutingError (uninitialized constant Api):
  
Started GET "/" for ::1 at 2021-01-04 15:28:47 -0800
Processing by Rails::WelcomeController#index as HTML
  Rendering /Users/gabrielajohnson/.rvm/gems/ruby-2.6.1/gems/railties-6.1.0/lib/rails/templates/rails/welcome/index.html.erb
  Rendered /Users/gabrielajohnson/.rvm/gems/ruby-2.6.1/gems/railties-6.1.0/lib/rails/templates/rails/welcome/index.html.erb (Duration: 17.8ms | Allocations: 195)
Completed 200 OK in 48ms (Views: 19.2ms | Allocations: 1679)


Started GET "/users/1" for ::1 at 2021-01-04 15:30:41 -0800
  
ActionController::RoutingError (No route matches [GET] "/users/1"):
  
Started GET "/api/users/1" for ::1 at 2021-01-04 15:30:51 -0800
  
ActionController::RoutingError (No route matches [GET] "/api/users/1"):
  
Started GET "/api/v1/users/1" for ::1 at 2021-01-04 15:31:28 -0800
  
ActionController::RoutingError (uninitialized constant Api):
  
Started POST "/api/v1/users" for ::1 at 2021-01-04 15:33:25 -0800
  
ActionController::RoutingError (uninitialized constant Api):
  
Started GET "/api/v1/users" for ::1 at 2021-01-04 15:33:51 -0800
  
ActionController::RoutingError (uninitialized constant Api):
  
Started GET "/api/users/1" for ::1 at 2021-01-04 15:34:06 -0800
  
ActionController::RoutingError (No route matches [GET] "/api/users/1"):
  
Started GET "/api/user/1" for ::1 at 2021-01-04 15:34:13 -0800
  
ActionController::RoutingError (No route matches [GET] "/api/user/1"):
  
Started POST "/api/v1/users" for ::1 at 2021-01-04 15:39:31 -0800
  
ActionController::RoutingError (uninitialized constant Api):
  
Started POST "/api/v1/users" for ::1 at 2021-01-04 16:05:16 -0800
  
ActionController::RoutingError (uninitialized constant Api):
  
Started POST "/api/v1/users" for ::1 at 2021-01-04 16:34:06 -0800
  
ActionController::RoutingError (uninitialized constant Api):
  
Started POST "/api/v1/users" for ::1 at 2021-01-04 16:34:56 -0800
  
ActionController::RoutingError (uninitialized constant Api):
  
Started POST "/api/v1/users" for ::1 at 2021-01-04 16:35:30 -0800
  
ActionController::RoutingError (uninitialized constant Api):
  
Started POST "/api/v1/users" for ::1 at 2021-01-07 12:15:34 -0800
  
ActionController::RoutingError (uninitialized constant Api):
  
Started GET "/api/user/1" for ::1 at 2021-01-07 12:20:54 -0800
  
ActionController::RoutingError (No route matches [GET] "/api/user/1"):
  
Started GET "/api/v1/users/1" for ::1 at 2021-01-07 12:20:58 -0800
  
ActionController::RoutingError (uninitialized constant Api):
  
Started POST "/api/v1/users" for ::1 at 2021-01-07 13:08:06 -0800
  
ActionController::RoutingError (uninitialized constant Api):
  
Started POST "/api/v1/users" for ::1 at 2021-01-07 13:18:57 -0800
  
ActionController::RoutingError (uninitialized constant Api):
  
Started GET "/api/v1/users" for ::1 at 2021-01-07 13:25:19 -0800
  [1m[35m (7.5ms)[0m  [1m[34mSELECT sqlite_version(*)[0m
  [1m[35m (2.4ms)[0m  [1m[34mSELECT "schema_migrations"."version" FROM "schema_migrations" ORDER BY "schema_migrations"."version" ASC[0m
  
ActionController::RoutingError (uninitialized constant Api):
  
Started GET "/api/v1/users" for ::1 at 2021-01-07 13:36:31 -0800
  
ActionController::RoutingError (uninitialized constant Api):
  
Started GET "/api/v1/users" for ::1 at 2021-01-07 13:36:36 -0800
  
ActionController::RoutingError (uninitialized constant Api):
  
Started POST "/api/v1/users" for ::1 at 2021-01-07 13:45:31 -0800
  [1m[35m (4.1ms)[0m  [1m[34mSELECT sqlite_version(*)[0m
  [1m[35m (0.2ms)[0m  [1m[34mSELECT "schema_migrations"."version" FROM "schema_migrations" ORDER BY "schema_migrations"."version" ASC[0m
  
ActionController::RoutingError (uninitialized constant Api):
  
Started POST "/api/v1/users" for ::1 at 2021-01-07 13:45:34 -0800
  
ActionController::RoutingError (uninitialized constant Api):
  
Started POST "/api/v1/users" for ::1 at 2021-01-07 13:45:43 -0800
  
ActionController::RoutingError (uninitialized constant Api):
  
Started GET "/api/v1/users/1" for ::1 at 2021-01-07 13:50:59 -0800
  
ActionController::RoutingError (uninitialized constant Api):
  
Started GET "/api/v1/users" for ::1 at 2021-01-07 13:51:04 -0800
  
ActionController::RoutingError (uninitialized constant Api):
  
Started POST "/api/v1/users" for ::1 at 2021-01-07 14:12:45 -0800
  
ActionController::RoutingError (uninitialized constant UsersController
Did you mean?  UserSerializer):
  
Started POST "/api/v1/users" for ::1 at 2021-01-07 14:13:24 -0800
  
ActionController::RoutingError (No route matches [POST] "/api/v1/users"):
  
Started GET "/api/v1/users" for ::1 at 2021-01-07 14:14:32 -0800
  
ActionController::RoutingError (No route matches [GET] "/api/v1/users"):
  
Started GET "/api/v1/users" for ::1 at 2021-01-07 14:14:35 -0800
  
ActionController::RoutingError (No route matches [GET] "/api/v1/users"):
  
Started GET "/api/v1/users" for ::1 at 2021-01-07 14:15:13 -0800
  
ActionController::RoutingError (uninitialized constant UsersController
Did you mean?  UserSerializer):
  
Started GET "/api/v1/users" for ::1 at 2021-01-07 14:15:33 -0800
  
ActionController::RoutingError (uninitialized constant UsersController
Did you mean?  UserSerializer):
  
Started POST "/api/v1/users" for ::1 at 2021-01-07 14:15:50 -0800
  
ActionController::RoutingError (No route matches [POST] "/api/v1/users"):
  
Started POST "/api/v1/users" for ::1 at 2021-01-07 14:16:26 -0800
  
ActionController::RoutingError (uninitialized constant UsersController
Did you mean?  UserSerializer):
  
Started POST "/api/v1/users" for ::1 at 2021-01-07 14:17:02 -0800
  
ActionController::RoutingError (uninitialized constant UsersController
Did you mean?  UserSerializer):
  
Started POST "/api/v1/users" for ::1 at 2021-01-07 14:21:48 -0800
  
ActionController::RoutingError (uninitialized constant Api):
  
Started POST "/api/v1/users" for ::1 at 2021-01-07 14:21:50 -0800
  
ActionController::RoutingError (uninitialized constant Api):
  
Started POST "/api/v1/users" for ::1 at 2021-01-07 14:21:53 -0800
  
ActionController::RoutingError (uninitialized constant Api):
  
Started POST "/api/v1/users" for ::1 at 2021-01-07 14:21:57 -0800
  
ActionController::RoutingError (uninitialized constant Api):
  
Started POST "/api/v1/users" for ::1 at 2021-01-07 14:22:34 -0800
  [1m[35m (4.0ms)[0m  [1m[34mSELECT sqlite_version(*)[0m
  [1m[35m (2.5ms)[0m  [1m[34mSELECT "schema_migrations"."version" FROM "schema_migrations" ORDER BY "schema_migrations"."version" ASC[0m
  
ActionController::RoutingError (uninitialized constant Api):
  
Started POST "/api/v1/users" for ::1 at 2021-01-07 14:25:01 -0800
  
ActionController::RoutingError (uninitialized constant Api):
  
Started POST "/api/v1/users" for ::1 at 2021-01-07 14:26:41 -0800
  
ActionController::RoutingError (uninitialized constant Api):
  
Started POST "/api/v1/users" for ::1 at 2021-01-07 14:27:03 -0800
  
ActionController::RoutingError (uninitialized constant Api):
  
Started POST "/api/v1/users" for ::1 at 2021-01-07 14:30:00 -0800
  
ActionController::RoutingError (uninitialized constant Api):
  
Started POST "/api/v1/users" for ::1 at 2021-01-07 14:30:31 -0800
  
ActionController::RoutingError (uninitialized constant Api):
  
Started POST "/api/v1/users" for ::1 at 2021-01-07 14:30:33 -0800
  
ActionController::RoutingError (uninitialized constant Api):
  
Started POST "/api/v1/users" for ::1 at 2021-01-07 14:30:40 -0800
  
ActionController::RoutingError (uninitialized constant Api):
  
Started POST "/api/v1/users" for ::1 at 2021-01-07 14:30:48 -0800
  
ActionController::RoutingError (uninitialized constant Api):
  
Started GET "/api/v1/users" for ::1 at 2021-01-07 16:42:02 -0800
  [1m[35m (3.8ms)[0m  [1m[34mSELECT sqlite_version(*)[0m
  [1m[35m (0.4ms)[0m  [1m[34mSELECT "schema_migrations"."version" FROM "schema_migrations" ORDER BY "schema_migrations"."version" ASC[0m
  
ActionController::RoutingError (uninitialized constant API):
  
Started POST "/api/v1/users" for ::1 at 2021-01-07 16:42:28 -0800
  
ActionController::RoutingError (uninitialized constant API):
  
Started POST "/api/v1/users" for ::1 at 2021-01-07 16:44:23 -0800
  
ActionController::RoutingError (uninitialized constant API):
  
Started POST "/api/v1/users" for ::1 at 2021-01-07 16:49:37 -0800
  
ActionController::RoutingError (No route matches [POST] "/api/v1/users"):
  
Started POST "/api/v1/users" for ::1 at 2021-01-07 16:49:45 -0800
  
ActionController::RoutingError (No route matches [POST] "/api/v1/users"):
  
Started POST "/api/v1/users" for ::1 at 2021-01-07 16:49:48 -0800
  
ActionController::RoutingError (No route matches [POST] "/api/v1/users"):
  
Started POST "/api/v1/users" for ::1 at 2021-01-07 16:50:08 -0800
  
ActionController::RoutingError (No route matches [POST] "/api/v1/users"):
  
Started POST "/api/v1/users" for ::1 at 2021-01-07 16:50:28 -0800
  
ActionController::RoutingError (No route matches [POST] "/api/v1/users"):
  
Started GET "/api/user/1" for ::1 at 2021-01-07 16:51:42 -0800
  
ActionController::RoutingError (No route matches [GET] "/api/user/1"):
  
Started GET "/api/user/1" for ::1 at 2021-01-08 09:10:56 -0800
  [1m[35m (4.9ms)[0m  [1m[34mSELECT sqlite_version(*)[0m
  [1m[35m (0.4ms)[0m  [1m[34mSELECT "schema_migrations"."version" FROM "schema_migrations" ORDER BY "schema_migrations"."version" ASC[0m
  
ActionController::RoutingError (No route matches [GET] "/api/user/1"):
  
Started POST "/api/v1/users" for ::1 at 2021-01-08 09:11:04 -0800
  
ActionController::RoutingError (uninitialized constant Api):
  
Started POST "/api/v1/users" for ::1 at 2021-01-08 09:11:06 -0800
  
ActionController::RoutingError (uninitialized constant Api):
  
Started POST "/api/v1/users" for ::1 at 2021-01-08 09:11:15 -0800
  
ActionController::RoutingError (uninitialized constant Api):
  
Started GET "/api/v1/users" for ::1 at 2021-01-08 09:14:21 -0800
  
ActionController::RoutingError (uninitialized constant Api):
  
Started GET "/" for ::1 at 2021-01-08 11:25:15 -0800
  [1m[35m (5.0ms)[0m  [1m[34mSELECT sqlite_version(*)[0m
  [1m[35m (0.5ms)[0m  [1m[34mSELECT "schema_migrations"."version" FROM "schema_migrations" ORDER BY "schema_migrations"."version" ASC[0m
Processing by Rails::WelcomeController#index as HTML
  Rendering /Users/gabrielajohnson/.rvm/gems/ruby-2.6.1/gems/railties-6.1.0/lib/rails/templates/rails/welcome/index.html.erb
  Rendered /Users/gabrielajohnson/.rvm/gems/ruby-2.6.1/gems/railties-6.1.0/lib/rails/templates/rails/welcome/index.html.erb (Duration: 24.4ms | Allocations: 315)
Completed 200 OK in 78ms (Views: 41.3ms | ActiveRecord: 0.0ms | Allocations: 2563)


Started GET "/api/v1/users" for ::1 at 2021-01-08 11:27:41 -0800
  [1m[35m (0.5ms)[0m  [1m[34mSELECT sqlite_version(*)[0m
  [1m[35m (0.2ms)[0m  [1m[34mSELECT "schema_migrations"."version" FROM "schema_migrations" ORDER BY "schema_migrations"."version" ASC[0m
  
ActionController::RoutingError (uninitialized constant Api):
  
Started POST "/api/v1/users" for ::1 at 2021-01-08 11:27:48 -0800
  
ActionController::RoutingError (uninitialized constant Api):
  
Started POST "/api/v1/users" for ::1 at 2021-01-08 11:27:53 -0800
  
ActionController::RoutingError (uninitialized constant Api):
  
Started POST "/api/v1/users" for ::1 at 2021-01-08 11:28:06 -0800
  
ActionController::RoutingError (uninitialized constant Api):
  
Started POST "/api/v1/users" for ::1 at 2021-01-08 11:37:51 -0800
  [1m[35m (0.8ms)[0m  [1m[34mSELECT sqlite_version(*)[0m
  [1m[35m (0.2ms)[0m  [1m[34mSELECT "schema_migrations"."version" FROM "schema_migrations" ORDER BY "schema_migrations"."version" ASC[0m
  
ActionController::RoutingError (uninitialized constant Api):
  
Started POST "/users" for ::1 at 2021-01-08 11:44:11 -0800
  [1m[35m (3.9ms)[0m  [1m[34mSELECT sqlite_version(*)[0m
  [1m[35m (2.4ms)[0m  [1m[34mSELECT "schema_migrations"."version" FROM "schema_migrations" ORDER BY "schema_migrations"."version" ASC[0m
  
ActionController::RoutingError (No route matches [POST] "/users"):
  
Started POST "/users" for ::1 at 2021-01-08 11:49:26 -0800
  [1m[35m (4.1ms)[0m  [1m[34mSELECT sqlite_version(*)[0m
  [1m[35m (5.1ms)[0m  [1m[34mSELECT "schema_migrations"."version" FROM "schema_migrations" ORDER BY "schema_migrations"."version" ASC[0m
  
ActionController::RoutingError (uninitialized constant UsersController
Did you mean?  UserSerializer):
  
Started POST "/users" for ::1 at 2021-01-08 11:51:40 -0800
  [1m[35m (3.8ms)[0m  [1m[34mSELECT sqlite_version(*)[0m
  [1m[35m (0.3ms)[0m  [1m[34mSELECT "schema_migrations"."version" FROM "schema_migrations" ORDER BY "schema_migrations"."version" ASC[0m
  
ActionController::RoutingError (uninitialized constant UsersController
Did you mean?  UserSerializer):
  
Started POST "/users" for ::1 at 2021-01-08 11:58:00 -0800
  [1m[35m (3.7ms)[0m  [1m[34mSELECT sqlite_version(*)[0m
  [1m[35m (2.2ms)[0m  [1m[34mSELECT "schema_migrations"."version" FROM "schema_migrations" ORDER BY "schema_migrations"."version" ASC[0m
  
ActionController::RoutingError (uninitialized constant UsersController
Did you mean?  UserSerializer):
  
Started POST "/users" for ::1 at 2021-01-08 12:01:42 -0800
Processing by UsersController#create as JSON
  Parameters: {"user"=>{"name"=>"Jenna"}}
  [1m[35m (0.2ms)[0m  [1m[34mSELECT sqlite_version(*)[0m
  ↳ app/controllers/users_controller.rb:11:in `create'
  [1m[36mTRANSACTION (0.1ms)[0m  [1m[36mbegin transaction[0m
  ↳ app/controllers/users_controller.rb:11:in `create'
  [1m[36mUser Create (0.5ms)[0m  [1m[32mINSERT INTO "users" ("name", "created_at", "updated_at") VALUES (?, ?, ?)[0m  [["name", "Jenna"], ["created_at", "2021-01-08 20:01:43.374877"], ["updated_at", "2021-01-08 20:01:43.374877"]]
  ↳ app/controllers/users_controller.rb:11:in `create'
  [1m[36mTRANSACTION (2.7ms)[0m  [1m[36mcommit transaction[0m
  ↳ app/controllers/users_controller.rb:11:in `create'
Started POST "/users" for ::1 at 2021-01-08 12:01:46 -0800
[active_model_serializers]   [1m[36mBook Load (0.4ms)[0m  [1m[34mSELECT "books".* FROM "books" WHERE "books"."user_id" = ?[0m  [["user_id", 2]]
[active_model_serializers]   ↳ app/controllers/users_controller.rb:13:in `create'
[active_model_serializers] Rendered UserSerializer with ActiveModelSerializers::Adapter::Attributes (57.85ms)
Completed 200 OK in 449647ms (Views: 121.3ms | ActiveRecord: 6.4ms | Allocations: 42795)


Started POST "/users" for ::1 at 2021-01-08 12:09:13 -0800
Processing by UsersController#create as JSON
  Parameters: {"user"=>{"name"=>"Jenna"}}
Started POST "/users" for ::1 at 2021-01-08 12:09:13 -0800
Processing by UsersController#create as JSON
Started POST "/users" for ::1 at 2021-01-08 12:09:13 -0800
  [1m[35m (0.1ms)[0m  [1m[34mSELECT sqlite_version(*)[0m
  ↳ app/controllers/users_controller.rb:11:in `create'
Processing by UsersController#create as JSON
  Parameters: {"user"=>{"name"=>"Jenna"}}
Processing by UsersController#create as JSON
  [1m[35m (0.1ms)[0m  [1m[34mSELECT sqlite_version(*)[0m
  Parameters: {"user"=>{"name"=>"Jenna"}}
  ↳ app/controllers/users_controller.rb:11:in `create'
  [1m[36mUser Load (0.2ms)[0m  [1m[34mSELECT "users".* FROM "users" WHERE "users"."name" = ? LIMIT ?[0m  [["name", "Jenna"], ["LIMIT", 1]]
  Parameters: {"user"=>{"name"=>"Jenna"}}
  [1m[35m (0.1ms)[0m  [1m[34mSELECT sqlite_version(*)[0m
  [1m[35m (0.1ms)[0m  [1m[34mSELECT sqlite_version(*)[0m
  ↳ app/controllers/users_controller.rb:11:in `create'
  ↳ app/controllers/users_controller.rb:11:in `create'
  ↳ app/controllers/users_controller.rb:11:in `create'
  [1m[36mUser Load (0.2ms)[0m  [1m[34mSELECT "users".* FROM "users" WHERE "users"."name" = ? LIMIT ?[0m  [["name", "Jenna"], ["LIMIT", 1]]
  [1m[36mCACHE User Load (0.0ms)[0m  [1m[34mSELECT "users".* FROM "users" WHERE "users"."name" = ? LIMIT ?[0m  [["name", "Jenna"], ["LIMIT", 1]]
  ↳ app/controllers/users_controller.rb:12:in `create'
  [1m[36mUser Load (0.2ms)[0m  [1m[34mSELECT "users".* FROM "users" WHERE "users"."name" = ? LIMIT ?[0m  [["name", "Jenna"], ["LIMIT", 1]]
  [1m[36mUser Load (0.2ms)[0m  [1m[34mSELECT "users".* FROM "users" WHERE "users"."name" = ? LIMIT ?[0m  [["name", "Jenna"], ["LIMIT", 1]]
Redirected to http://localhost:3000/users/2
  ↳ app/controllers/users_controller.rb:11:in `create'
  ↳ app/controllers/users_controller.rb:11:in `create'
  ↳ app/controllers/users_controller.rb:11:in `create'
  [1m[36mCACHE User Load (0.0ms)[0m  [1m[34mSELECT "users".* FROM "users" WHERE "users"."name" = ? LIMIT ?[0m  [["name", "Jenna"], ["LIMIT", 1]]
  [1m[36mCACHE User Load (0.0ms)[0m  [1m[34mSELECT "users".* FROM "users" WHERE "users"."name" = ? LIMIT ?[0m  [["name", "Jenna"], ["LIMIT", 1]]
  [1m[36mCACHE User Load (0.0ms)[0m  [1m[34mSELECT "users".* FROM "users" WHERE "users"."name" = ? LIMIT ?[0m  [["name", "Jenna"], ["LIMIT", 1]]
Completed 302 Found in 17ms (ActiveRecord: 1.0ms | Allocations: 5573)


  ↳ app/controllers/users_controller.rb:12:in `create'
  ↳ app/controllers/users_controller.rb:12:in `create'
Redirected to http://localhost:3000/users/2
Redirected to http://localhost:3000/users/2
Completed 302 Found in 30ms (ActiveRecord: 1.0ms | Allocations: 9022)


Completed 302 Found in 19ms (ActiveRecord: 0.6ms | Allocations: 6419)


  ↳ app/controllers/users_controller.rb:12:in `create'
Redirected to http://localhost:3000/users/2
Completed 302 Found in 21ms (ActiveRecord: 0.5ms | Allocations: 6496)


Started POST "/users" for ::1 at 2021-01-08 12:09:13 -0800
Processing by UsersController#create as JSON
  Parameters: {"user"=>{"name"=>"Jenna"}}
  [1m[36mUser Load (0.4ms)[0m  [1m[34mSELECT "users".* FROM "users" WHERE "users"."name" = ? LIMIT ?[0m  [["name", "Jenna"], ["LIMIT", 1]]
Started GET "/users" for ::1 at 2021-01-08 12:09:13 -0800
  ↳ app/controllers/users_controller.rb:11:in `create'
  [1m[36mCACHE User Load (0.0ms)[0m  [1m[34mSELECT "users".* FROM "users" WHERE "users"."name" = ? LIMIT ?[0m  [["name", "Jenna"], ["LIMIT", 1]]
Started POST "/users" for ::1 at 2021-01-08 12:09:13 -0800
  ↳ app/controllers/users_controller.rb:12:in `create'
Redirected to http://localhost:3000/users/2
Processing by UsersController#index as HTML
Completed 302 Found in 8ms (ActiveRecord: 0.5ms | Allocations: 1234)


  [1m[36mUser Load (0.3ms)[0m  [1m[34mSELECT "users".* FROM "users"[0m
  ↳ app/controllers/users_controller.rb:5:in `index'
[active_model_serializers]   [1m[36mBook Load (0.2ms)[0m  [1m[34mSELECT "books".* FROM "books" WHERE "books"."user_id" = ?[0m  [["user_id", 1]]
[active_model_serializers]   ↳ app/controllers/users_controller.rb:5:in `index'
Processing by UsersController#create as JSON
  Parameters: {"user"=>{"name"=>"Jenna"}}
  [1m[36mUser Load (0.2ms)[0m  [1m[34mSELECT "users".* FROM "users" WHERE "users"."name" = ? LIMIT ?[0m  [["name", "Jenna"], ["LIMIT", 1]]
  ↳ app/controllers/users_controller.rb:11:in `create'
  [1m[36mCACHE User Load (0.0ms)[0m  [1m[34mSELECT "users".* FROM "users" WHERE "users"."name" = ? LIMIT ?[0m  [["name", "Jenna"], ["LIMIT", 1]]
  ↳ app/controllers/users_controller.rb:12:in `create'
Redirected to http://localhost:3000/users/2
[active_model_serializers]   [1m[36mBook Load (0.1ms)[0m  [1m[34mSELECT "books".* FROM "books" WHERE "books"."user_id" = ?[0m  [["user_id", 2]]
[active_model_serializers]   ↳ app/controllers/users_controller.rb:5:in `index'
Completed 302 Found in 20ms (ActiveRecord: 0.3ms | Allocations: 1837)


[active_model_serializers] Rendered ActiveModel::Serializer::CollectionSerializer with ActiveModelSerializers::Adapter::Attributes (61.12ms)
Completed 200 OK in 68ms (Views: 65.7ms | ActiveRecord: 1.5ms | Allocations: 11051)


Started GET "/users/2" for ::1 at 2021-01-08 12:09:13 -0800
Processing by UsersController#show as JSON
  Parameters: {"id"=>"2", "user"=>{}}
  [1m[36mUser Load (0.3ms)[0m  [1m[34mSELECT "users".* FROM "users" WHERE "users"."id" = ? LIMIT ?[0m  [["id", 2], ["LIMIT", 1]]
  ↳ app/controllers/users_controller.rb:22:in `show'
[active_model_serializers]   [1m[36mBook Load (0.3ms)[0m  [1m[34mSELECT "books".* FROM "books" WHERE "books"."user_id" = ?[0m  [["user_id", 2]]
[active_model_serializers]   ↳ app/controllers/users_controller.rb:23:in `show'
[active_model_serializers] Rendered UserSerializer with ActiveModelSerializers::Adapter::Attributes (5.75ms)
Completed 200 OK in 12ms (Views: 7.4ms | ActiveRecord: 0.6ms | Allocations: 1739)


Started GET "/users/2" for ::1 at 2021-01-08 12:09:13 -0800
Processing by UsersController#show as JSON
  Parameters: {"id"=>"2", "user"=>{}}
  [1m[36mUser Load (0.2ms)[0m  [1m[34mSELECT "users".* FROM "users" WHERE "users"."id" = ? LIMIT ?[0m  [["id", 2], ["LIMIT", 1]]
  ↳ app/controllers/users_controller.rb:22:in `show'
[active_model_serializers]   [1m[36mBook Load (0.2ms)[0m  [1m[34mSELECT "books".* FROM "books" WHERE "books"."user_id" = ?[0m  [["user_id", 2]]
[active_model_serializers]   ↳ app/controllers/users_controller.rb:23:in `show'
[active_model_serializers] Rendered UserSerializer with ActiveModelSerializers::Adapter::Attributes (4.8ms)
Completed 200 OK in 8ms (Views: 5.3ms | ActiveRecord: 0.4ms | Allocations: 1519)


Started POST "/users" for ::1 at 2021-01-08 12:11:10 -0800
  [1m[35m (3.9ms)[0m  [1m[34mSELECT sqlite_version(*)[0m
  [1m[35m (0.3ms)[0m  [1m[34mSELECT "schema_migrations"."version" FROM "schema_migrations" ORDER BY "schema_migrations"."version" ASC[0m
Processing by UsersController#create as JSON
  Parameters: {"user"=>{"name"=>"Madden"}}
  [1m[36mUser Load (0.3ms)[0m  [1m[34mSELECT "users".* FROM "users" WHERE "users"."name" = ? LIMIT ?[0m  [["name", "Madden"], ["LIMIT", 1]]
  ↳ app/controllers/users_controller.rb:11:in `create'
  [1m[36mTRANSACTION (0.1ms)[0m  [1m[36mbegin transaction[0m
  ↳ app/controllers/users_controller.rb:15:in `create'
  [1m[36mUser Create (0.5ms)[0m  [1m[32mINSERT INTO "users" ("name", "created_at", "updated_at") VALUES (?, ?, ?)[0m  [["name", "Madden"], ["created_at", "2021-01-08 20:11:10.978036"], ["updated_at", "2021-01-08 20:11:10.978036"]]
  ↳ app/controllers/users_controller.rb:15:in `create'
  [1m[36mTRANSACTION (2.7ms)[0m  [1m[36mcommit transaction[0m
  ↳ app/controllers/users_controller.rb:15:in `create'
[active_model_serializers]   [1m[36mBook Load (0.3ms)[0m  [1m[34mSELECT "books".* FROM "books" WHERE "books"."user_id" = ?[0m  [["user_id", 3]]
[active_model_serializers]   ↳ app/controllers/users_controller.rb:17:in `create'
[active_model_serializers] Rendered UserSerializer with ActiveModelSerializers::Adapter::Attributes (34.88ms)
Completed 200 OK in 123ms (Views: 73.4ms | ActiveRecord: 5.7ms | Allocations: 14419)


Started POST "/users" for ::1 at 2021-01-08 12:13:04 -0800
Processing by UsersController#create as JSON
  Parameters: {"user"=>{"name"=>"Jenna"}}
  [1m[36mUser Load (2.7ms)[0m  [1m[34mSELECT "users".* FROM "users" WHERE "users"."name" = ? LIMIT ?[0m  [["name", "Jenna"], ["LIMIT", 1]]
  ↳ app/controllers/users_controller.rb:11:in `create'
  [1m[36mCACHE User Load (0.0ms)[0m  [1m[34mSELECT "users".* FROM "users" WHERE "users"."name" = ? LIMIT ?[0m  [["name", "Jenna"], ["LIMIT", 1]]
  ↳ app/controllers/users_controller.rb:12:in `create'
Redirected to http://localhost:3000/users/2
Completed 302 Found in 10ms (ActiveRecord: 2.7ms | Allocations: 937)


Started GET "/users/2" for ::1 at 2021-01-08 12:13:04 -0800
Processing by UsersController#show as JSON
  Parameters: {"id"=>"2", "user"=>{}}
  [1m[36mUser Load (1.6ms)[0m  [1m[34mSELECT "users".* FROM "users" WHERE "users"."id" = ? LIMIT ?[0m  [["id", 2], ["LIMIT", 1]]
  ↳ app/controllers/users_controller.rb:22:in `show'
[active_model_serializers]   [1m[36mBook Load (0.1ms)[0m  [1m[34mSELECT "books".* FROM "books" WHERE "books"."user_id" = ?[0m  [["user_id", 2]]
[active_model_serializers]   ↳ app/controllers/users_controller.rb:23:in `show'
[active_model_serializers] Rendered UserSerializer with ActiveModelSerializers::Adapter::Attributes (4.29ms)
Completed 200 OK in 10ms (Views: 6.1ms | ActiveRecord: 1.7ms | Allocations: 1632)


Started POST "/users" for ::1 at 2021-01-08 12:15:38 -0800
Processing by UsersController#create as JSON
  Parameters: {"user"=>{"name"=>"Madden"}}
  [1m[36mUser Load (0.1ms)[0m  [1m[34mSELECT "users".* FROM "users" WHERE "users"."name" = ? LIMIT ?[0m  [["name", "Madden"], ["LIMIT", 1]]
  ↳ app/controllers/users_controller.rb:11:in `create'
  [1m[36mCACHE User Load (0.1ms)[0m  [1m[34mSELECT "users".* FROM "users" WHERE "users"."name" = ? LIMIT ?[0m  [["name", "Madden"], ["LIMIT", 1]]
  ↳ app/controllers/users_controller.rb:12:in `create'
Redirected to http://localhost:3000/users/3
Completed 302 Found in 6ms (ActiveRecord: 0.2ms | Allocations: 912)


Started GET "/users/3" for ::1 at 2021-01-08 12:15:38 -0800
Processing by UsersController#show as JSON
  Parameters: {"id"=>"3", "user"=>{}}
  [1m[36mUser Load (0.1ms)[0m  [1m[34mSELECT "users".* FROM "users" WHERE "users"."id" = ? LIMIT ?[0m  [["id", 3], ["LIMIT", 1]]
  ↳ app/controllers/users_controller.rb:22:in `show'
[active_model_serializers]   [1m[36mBook Load (0.1ms)[0m  [1m[34mSELECT "books".* FROM "books" WHERE "books"."user_id" = ?[0m  [["user_id", 3]]
[active_model_serializers]   ↳ app/controllers/users_controller.rb:23:in `show'
[active_model_serializers] Rendered UserSerializer with ActiveModelSerializers::Adapter::Attributes (3.44ms)
Completed 200 OK in 7ms (Views: 3.8ms | ActiveRecord: 0.2ms | Allocations: 1522)


Started POST "/books" for ::1 at 2021-01-08 12:16:06 -0800
Processing by BooksController#create as JSON
  Parameters: {"book"=>{"title"=>"How the world turns", "author"=>"hello", "review"=>"it was great!", "rating"=>"3", "user_id"=>3}}
  [1m[36mTRANSACTION (0.1ms)[0m  [1m[36mbegin transaction[0m
  ↳ app/controllers/books_controller.rb:9:in `create'
  [1m[36mUser Load (0.2ms)[0m  [1m[34mSELECT "users".* FROM "users" WHERE "users"."id" = ? LIMIT ?[0m  [["id", 3], ["LIMIT", 1]]
  ↳ app/controllers/books_controller.rb:9:in `create'
  [1m[36mBook Create (2.8ms)[0m  [1m[32mINSERT INTO "books" ("title", "author", "review", "rating", "user_id", "created_at", "updated_at") VALUES (?, ?, ?, ?, ?, ?, ?)[0m  [["title", "How the world turns"], ["author", "hello"], ["review", "it was great!"], ["rating", 3], ["user_id", 3], ["created_at", "2021-01-08 20:16:06.832890"], ["updated_at", "2021-01-08 20:16:06.832890"]]
  ↳ app/controllers/books_controller.rb:9:in `create'
  [1m[36mTRANSACTION (2.5ms)[0m  [1m[36mcommit transaction[0m
  ↳ app/controllers/books_controller.rb:9:in `create'
[active_model_serializers] Rendered BookSerializer with ActiveModelSerializers::Adapter::Attributes (1.05ms)
Completed 200 OK in 62ms (Views: 8.1ms | ActiveRecord: 6.0ms | Allocations: 7731)


Started POST "/books" for ::1 at 2021-01-08 12:16:21 -0800
Processing by BooksController#create as JSON
  Parameters: {"book"=>{"title"=>"How the world turns", "author"=>"hello", "review"=>"it was great!", "rating"=>"3", "user_id"=>3}}
  [1m[36mTRANSACTION (0.1ms)[0m  [1m[36mbegin transaction[0m
  ↳ app/controllers/books_controller.rb:9:in `create'
  [1m[36mUser Load (0.2ms)[0m  [1m[34mSELECT "users".* FROM "users" WHERE "users"."id" = ? LIMIT ?[0m  [["id", 3], ["LIMIT", 1]]
  ↳ app/controllers/books_controller.rb:9:in `create'
  [1m[36mBook Create (0.4ms)[0m  [1m[32mINSERT INTO "books" ("title", "author", "review", "rating", "user_id", "created_at", "updated_at") VALUES (?, ?, ?, ?, ?, ?, ?)[0m  [["title", "How the world turns"], ["author", "hello"], ["review", "it was great!"], ["rating", 3], ["user_id", 3], ["created_at", "2021-01-08 20:16:21.187223"], ["updated_at", "2021-01-08 20:16:21.187223"]]
  ↳ app/controllers/books_controller.rb:9:in `create'
  [1m[36mTRANSACTION (2.4ms)[0m  [1m[36mcommit transaction[0m
  ↳ app/controllers/books_controller.rb:9:in `create'
[active_model_serializers] Rendered BookSerializer with ActiveModelSerializers::Adapter::Attributes (0.76ms)
Completed 200 OK in 12ms (Views: 1.3ms | ActiveRecord: 3.1ms | Allocations: 2968)


Started POST "/books" for ::1 at 2021-01-08 12:20:50 -0800
Processing by BooksController#create as JSON
  Parameters: {"book"=>{"title"=>"How the world turns", "author"=>"hello", "review"=>"it was great!", "rating"=>"3", "user_id"=>3}}
  [1m[36mTRANSACTION (0.1ms)[0m  [1m[36mbegin transaction[0m
  ↳ app/controllers/books_controller.rb:9:in `create'
  [1m[36mUser Load (2.4ms)[0m  [1m[34mSELECT "users".* FROM "users" WHERE "users"."id" = ? LIMIT ?[0m  [["id", 3], ["LIMIT", 1]]
  ↳ app/controllers/books_controller.rb:9:in `create'
  [1m[36mBook Create (0.3ms)[0m  [1m[32mINSERT INTO "books" ("title", "author", "review", "rating", "user_id", "created_at", "updated_at") VALUES (?, ?, ?, ?, ?, ?, ?)[0m  [["title", "How the world turns"], ["author", "hello"], ["review", "it was great!"], ["rating", 3], ["user_id", 3], ["created_at", "2021-01-08 20:20:50.267555"], ["updated_at", "2021-01-08 20:20:50.267555"]]
  ↳ app/controllers/books_controller.rb:9:in `create'
  [1m[36mTRANSACTION (5.3ms)[0m  [1m[36mcommit transaction[0m
  ↳ app/controllers/books_controller.rb:9:in `create'
[active_model_serializers] Rendered BookSerializer with ActiveModelSerializers::Adapter::Attributes (1.07ms)
Completed 200 OK in 19ms (Views: 2.2ms | ActiveRecord: 8.1ms | Allocations: 2944)


Started POST "/users" for ::1 at 2021-01-08 12:24:27 -0800
Processing by UsersController#create as JSON
  Parameters: {"user"=>{"name"=>"Jenna"}}
  [1m[36mUser Load (0.3ms)[0m  [1m[34mSELECT "users".* FROM "users" WHERE "users"."name" = ? LIMIT ?[0m  [["name", "Jenna"], ["LIMIT", 1]]
  ↳ app/controllers/users_controller.rb:11:in `create'
  [1m[36mCACHE User Load (0.0ms)[0m  [1m[34mSELECT "users".* FROM "users" WHERE "users"."name" = ? LIMIT ?[0m  [["name", "Jenna"], ["LIMIT", 1]]
  ↳ app/controllers/users_controller.rb:12:in `create'
Redirected to http://localhost:3000/users/2
Completed 302 Found in 4ms (ActiveRecord: 0.3ms | Allocations: 896)


Started GET "/users/2" for ::1 at 2021-01-08 12:24:27 -0800
Processing by UsersController#show as JSON
  Parameters: {"id"=>"2", "user"=>{}}
  [1m[36mUser Load (0.1ms)[0m  [1m[34mSELECT "users".* FROM "users" WHERE "users"."id" = ? LIMIT ?[0m  [["id", 2], ["LIMIT", 1]]
  ↳ app/controllers/users_controller.rb:22:in `show'
[active_model_serializers]   [1m[36mBook Load (0.1ms)[0m  [1m[34mSELECT "books".* FROM "books" WHERE "books"."user_id" = ?[0m  [["user_id", 2]]
[active_model_serializers]   ↳ app/controllers/users_controller.rb:23:in `show'
[active_model_serializers] Rendered UserSerializer with ActiveModelSerializers::Adapter::Attributes (2.13ms)
Completed 200 OK in 4ms (Views: 2.5ms | ActiveRecord: 0.3ms | Allocations: 1518)


Started POST "/books" for ::1 at 2021-01-08 12:24:35 -0800
Processing by BooksController#create as JSON
  Parameters: {"book"=>{"title"=>"How the world turns", "author"=>"hello", "review"=>"it was great!", "rating"=>"3", "user_id"=>2}}
  [1m[36mTRANSACTION (0.1ms)[0m  [1m[36mbegin transaction[0m
  ↳ app/controllers/books_controller.rb:9:in `create'
  [1m[36mUser Load (0.2ms)[0m  [1m[34mSELECT "users".* FROM "users" WHERE "users"."id" = ? LIMIT ?[0m  [["id", 2], ["LIMIT", 1]]
  ↳ app/controllers/books_controller.rb:9:in `create'
  [1m[36mBook Create (0.5ms)[0m  [1m[32mINSERT INTO "books" ("title", "author", "review", "rating", "user_id", "created_at", "updated_at") VALUES (?, ?, ?, ?, ?, ?, ?)[0m  [["title", "How the world turns"], ["author", "hello"], ["review", "it was great!"], ["rating", 3], ["user_id", 2], ["created_at", "2021-01-08 20:24:35.550893"], ["updated_at", "2021-01-08 20:24:35.550893"]]
  ↳ app/controllers/books_controller.rb:9:in `create'
  [1m[36mTRANSACTION (2.7ms)[0m  [1m[36mcommit transaction[0m
  ↳ app/controllers/books_controller.rb:9:in `create'
[active_model_serializers] Rendered BookSerializer with ActiveModelSerializers::Adapter::Attributes (0.65ms)
Completed 200 OK in 12ms (Views: 1.5ms | ActiveRecord: 3.5ms | Allocations: 2947)


Started POST "/books" for ::1 at 2021-01-08 12:32:13 -0800
Processing by BooksController#create as JSON
  Parameters: {"book"=>{"title"=>"How the world turns", "author"=>"hello", "review"=>"it was great!", "rating"=>"3", "user_id"=>2}}
  [1m[35m (0.1ms)[0m  [1m[34mSELECT sqlite_version(*)[0m
  ↳ app/controllers/books_controller.rb:9:in `create'
  [1m[36mTRANSACTION (0.1ms)[0m  [1m[36mbegin transaction[0m
  ↳ app/controllers/books_controller.rb:9:in `create'
  [1m[36mUser Load (0.2ms)[0m  [1m[34mSELECT "users".* FROM "users" WHERE "users"."id" = ? LIMIT ?[0m  [["id", 2], ["LIMIT", 1]]
  ↳ app/controllers/books_controller.rb:9:in `create'
  [1m[36mBook Create (0.7ms)[0m  [1m[32mINSERT INTO "books" ("title", "author", "review", "rating", "user_id", "created_at", "updated_at") VALUES (?, ?, ?, ?, ?, ?, ?)[0m  [["title", "How the world turns"], ["author", "hello"], ["review", "it was great!"], ["rating", 3], ["user_id", 2], ["created_at", "2021-01-08 20:32:13.578784"], ["updated_at", "2021-01-08 20:32:13.578784"]]
  ↳ app/controllers/books_controller.rb:9:in `create'
  [1m[36mTRANSACTION (2.6ms)[0m  [1m[36mcommit transaction[0m
  ↳ app/controllers/books_controller.rb:9:in `create'
[active_model_serializers] Rendered BookSerializer with ActiveModelSerializers::Adapter::Attributes (0.46ms)
Completed 200 OK in 12ms (Views: 0.9ms | ActiveRecord: 4.0ms | Allocations: 3414)


Started POST "/books" for ::1 at 2021-01-08 12:32:15 -0800
Processing by BooksController#create as JSON
  Parameters: {"book"=>{"title"=>"How the world turns", "author"=>"hello", "review"=>"it was great!", "rating"=>"3", "user_id"=>2}}
  [1m[36mTRANSACTION (0.1ms)[0m  [1m[36mbegin transaction[0m
  ↳ app/controllers/books_controller.rb:9:in `create'
  [1m[36mUser Load (0.1ms)[0m  [1m[34mSELECT "users".* FROM "users" WHERE "users"."id" = ? LIMIT ?[0m  [["id", 2], ["LIMIT", 1]]
  ↳ app/controllers/books_controller.rb:9:in `create'
  [1m[36mBook Create (0.3ms)[0m  [1m[32mINSERT INTO "books" ("title", "author", "review", "rating", "user_id", "created_at", "updated_at") VALUES (?, ?, ?, ?, ?, ?, ?)[0m  [["title", "How the world turns"], ["author", "hello"], ["review", "it was great!"], ["rating", 3], ["user_id", 2], ["created_at", "2021-01-08 20:32:15.643070"], ["updated_at", "2021-01-08 20:32:15.643070"]]
  ↳ app/controllers/books_controller.rb:9:in `create'
  [1m[36mTRANSACTION (2.6ms)[0m  [1m[36mcommit transaction[0m
  ↳ app/controllers/books_controller.rb:9:in `create'
[active_model_serializers] Rendered BookSerializer with ActiveModelSerializers::Adapter::Attributes (0.51ms)
Completed 200 OK in 11ms (Views: 1.5ms | ActiveRecord: 3.2ms | Allocations: 2943)


Started POST "/api/v1/users" for ::1 at 2021-01-08 12:32:21 -0800
  
ActionController::RoutingError (No route matches [POST] "/api/v1/users"):
  
Started POST "/api/v1/users" for ::1 at 2021-01-08 12:32:24 -0800
  
ActionController::RoutingError (No route matches [POST] "/api/v1/users"):
  
Started POST "/api/v1/users" for ::1 at 2021-01-08 12:33:05 -0800
  
ActionController::RoutingError (No route matches [POST] "/api/v1/users"):
  
Started POST "/users" for ::1 at 2021-01-08 12:33:12 -0800
Processing by UsersController#create as JSON
  Parameters: {"user"=>{"name"=>"Jenna"}}
  [1m[36mUser Load (0.2ms)[0m  [1m[34mSELECT "users".* FROM "users" WHERE "users"."name" = ? LIMIT ?[0m  [["name", "Jenna"], ["LIMIT", 1]]
  ↳ app/controllers/users_controller.rb:11:in `create'
  [1m[36mCACHE User Load (0.0ms)[0m  [1m[34mSELECT "users".* FROM "users" WHERE "users"."name" = ? LIMIT ?[0m  [["name", "Jenna"], ["LIMIT", 1]]
  ↳ app/controllers/users_controller.rb:12:in `create'
Redirected to http://localhost:3000/users/2
Completed 302 Found in 3ms (ActiveRecord: 0.2ms | Allocations: 909)


Started GET "/users/2" for ::1 at 2021-01-08 12:33:12 -0800
Processing by UsersController#show as JSON
  Parameters: {"id"=>"2", "user"=>{}}
  [1m[36mUser Load (0.1ms)[0m  [1m[34mSELECT "users".* FROM "users" WHERE "users"."id" = ? LIMIT ?[0m  [["id", 2], ["LIMIT", 1]]
  ↳ app/controllers/users_controller.rb:22:in `show'
[active_model_serializers]   [1m[36mBook Load (0.2ms)[0m  [1m[34mSELECT "books".* FROM "books" WHERE "books"."user_id" = ?[0m  [["user_id", 2]]
[active_model_serializers]   ↳ app/controllers/users_controller.rb:23:in `show'
[active_model_serializers] Rendered UserSerializer with ActiveModelSerializers::Adapter::Attributes (3.63ms)
Completed 200 OK in 5ms (Views: 3.9ms | ActiveRecord: 0.3ms | Allocations: 2019)


Started POST "/users" for ::1 at 2021-01-08 12:34:32 -0800
Processing by UsersController#create as JSON
  Parameters: {"user"=>{"name"=>"Jenna"}}
  [1m[36mUser Load (0.2ms)[0m  [1m[34mSELECT "users".* FROM "users" WHERE "users"."name" = ? LIMIT ?[0m  [["name", "Jenna"], ["LIMIT", 1]]
  ↳ app/controllers/users_controller.rb:11:in `create'
  [1m[36mCACHE User Load (0.0ms)[0m  [1m[34mSELECT "users".* FROM "users" WHERE "users"."name" = ? LIMIT ?[0m  [["name", "Jenna"], ["LIMIT", 1]]
  ↳ app/controllers/users_controller.rb:12:in `create'
Redirected to http://localhost:3000/users/2
Completed 302 Found in 3ms (ActiveRecord: 0.2ms | Allocations: 895)


Started GET "/users/2" for ::1 at 2021-01-08 12:34:32 -0800
Processing by UsersController#show as JSON
  Parameters: {"id"=>"2", "user"=>{}}
  [1m[36mUser Load (0.2ms)[0m  [1m[34mSELECT "users".* FROM "users" WHERE "users"."id" = ? LIMIT ?[0m  [["id", 2], ["LIMIT", 1]]
  ↳ app/controllers/users_controller.rb:22:in `show'
[active_model_serializers]   [1m[36mBook Load (0.1ms)[0m  [1m[34mSELECT "books".* FROM "books" WHERE "books"."user_id" = ?[0m  [["user_id", 2]]
[active_model_serializers]   ↳ app/controllers/users_controller.rb:23:in `show'
[active_model_serializers] Rendered UserSerializer with ActiveModelSerializers::Adapter::Attributes (2.99ms)
Completed 200 OK in 5ms (Views: 3.4ms | ActiveRecord: 0.3ms | Allocations: 1936)


Started POST "/users" for ::1 at 2021-01-08 12:34:59 -0800
Processing by UsersController#create as JSON
  Parameters: {"user"=>{"name"=>"lilly"}}
  [1m[36mUser Load (0.1ms)[0m  [1m[34mSELECT "users".* FROM "users" WHERE "users"."name" = ? LIMIT ?[0m  [["name", "lilly"], ["LIMIT", 1]]
  ↳ app/controllers/users_controller.rb:11:in `create'
  [1m[36mTRANSACTION (0.1ms)[0m  [1m[36mbegin transaction[0m
  ↳ app/controllers/users_controller.rb:15:in `create'
  [1m[36mUser Create (3.2ms)[0m  [1m[32mINSERT INTO "users" ("name", "created_at", "updated_at") VALUES (?, ?, ?)[0m  [["name", "lilly"], ["created_at", "2021-01-08 20:34:59.020850"], ["updated_at", "2021-01-08 20:34:59.020850"]]
  ↳ app/controllers/users_controller.rb:15:in `create'
  [1m[36mTRANSACTION (5.4ms)[0m  [1m[36mcommit transaction[0m
  ↳ app/controllers/users_controller.rb:15:in `create'
[active_model_serializers]   [1m[36mBook Load (0.1ms)[0m  [1m[34mSELECT "books".* FROM "books" WHERE "books"."user_id" = ?[0m  [["user_id", 4]]
[active_model_serializers]   ↳ app/controllers/users_controller.rb:17:in `create'
[active_model_serializers] Rendered UserSerializer with ActiveModelSerializers::Adapter::Attributes (2.14ms)
Completed 200 OK in 17ms (Views: 2.6ms | ActiveRecord: 8.9ms | Allocations: 3230)


Started POST "/books" for ::1 at 2021-01-08 12:35:14 -0800
Processing by BooksController#create as JSON
  Parameters: {"book"=>{"title"=>"ddd", "author"=>"ddd", "review"=>"ddd", "rating"=>"4", "user_id"=>4}}
  [1m[36mTRANSACTION (0.1ms)[0m  [1m[36mbegin transaction[0m
  ↳ app/controllers/books_controller.rb:9:in `create'
  [1m[36mUser Load (0.3ms)[0m  [1m[34mSELECT "users".* FROM "users" WHERE "users"."id" = ? LIMIT ?[0m  [["id", 4], ["LIMIT", 1]]
  ↳ app/controllers/books_controller.rb:9:in `create'
  [1m[36mBook Create (0.7ms)[0m  [1m[32mINSERT INTO "books" ("title", "author", "review", "rating", "user_id", "created_at", "updated_at") VALUES (?, ?, ?, ?, ?, ?, ?)[0m  [["title", "ddd"], ["author", "ddd"], ["review", "ddd"], ["rating", 4], ["user_id", 4], ["created_at", "2021-01-08 20:35:14.669200"], ["updated_at", "2021-01-08 20:35:14.669200"]]
  ↳ app/controllers/books_controller.rb:9:in `create'
  [1m[36mTRANSACTION (2.7ms)[0m  [1m[36mcommit transaction[0m
  ↳ app/controllers/books_controller.rb:9:in `create'
[active_model_serializers] Rendered BookSerializer with ActiveModelSerializers::Adapter::Attributes (0.71ms)
Completed 200 OK in 13ms (Views: 1.2ms | ActiveRecord: 3.7ms | Allocations: 2946)


Started POST "/books" for ::1 at 2021-01-08 12:40:59 -0800
Processing by BooksController#create as JSON
  Parameters: {"book"=>{"title"=>"ddd", "author"=>"ddd", "review"=>"ddd", "rating"=>"4", "user_id"=>4}}
  [1m[36mTRANSACTION (0.1ms)[0m  [1m[36mbegin transaction[0m
  ↳ app/controllers/books_controller.rb:9:in `create'
  [1m[36mUser Load (0.2ms)[0m  [1m[34mSELECT "users".* FROM "users" WHERE "users"."id" = ? LIMIT ?[0m  [["id", 4], ["LIMIT", 1]]
  ↳ app/controllers/books_controller.rb:9:in `create'
  [1m[36mBook Create (2.4ms)[0m  [1m[32mINSERT INTO "books" ("title", "author", "review", "rating", "user_id", "created_at", "updated_at") VALUES (?, ?, ?, ?, ?, ?, ?)[0m  [["title", "ddd"], ["author", "ddd"], ["review", "ddd"], ["rating", 4], ["user_id", 4], ["created_at", "2021-01-08 20:40:59.231104"], ["updated_at", "2021-01-08 20:40:59.231104"]]
  ↳ app/controllers/books_controller.rb:9:in `create'
  [1m[36mTRANSACTION (2.6ms)[0m  [1m[36mcommit transaction[0m
  ↳ app/controllers/books_controller.rb:9:in `create'
[active_model_serializers] Rendered BookSerializer with ActiveModelSerializers::Adapter::Attributes (0.48ms)
Completed 200 OK in 13ms (Views: 0.9ms | ActiveRecord: 5.3ms | Allocations: 2943)


Started POST "/books" for ::1 at 2021-01-08 12:42:44 -0800
Processing by BooksController#create as JSON
  Parameters: {"book"=>{"title"=>"ddd", "author"=>"ddd", "review"=>"ddd", "rating"=>"4", "user_id"=>4}}
  [1m[35m (0.2ms)[0m  [1m[34mSELECT sqlite_version(*)[0m
  ↳ app/controllers/books_controller.rb:9:in `create'
  [1m[36mTRANSACTION (0.1ms)[0m  [1m[36mbegin transaction[0m
  ↳ app/controllers/books_controller.rb:9:in `create'
  [1m[36mUser Load (0.1ms)[0m  [1m[34mSELECT "users".* FROM "users" WHERE "users"."id" = ? LIMIT ?[0m  [["id", 4], ["LIMIT", 1]]
  ↳ app/controllers/books_controller.rb:9:in `create'
  [1m[36mBook Create (0.7ms)[0m  [1m[32mINSERT INTO "books" ("title", "author", "review", "rating", "user_id", "created_at", "updated_at") VALUES (?, ?, ?, ?, ?, ?, ?)[0m  [["title", "ddd"], ["author", "ddd"], ["review", "ddd"], ["rating", 4], ["user_id", 4], ["created_at", "2021-01-08 20:42:44.680366"], ["updated_at", "2021-01-08 20:42:44.680366"]]
  ↳ app/controllers/books_controller.rb:9:in `create'
  [1m[36mTRANSACTION (1.9ms)[0m  [1m[36mcommit transaction[0m
  ↳ app/controllers/books_controller.rb:9:in `create'
[active_model_serializers] Rendered BookSerializer with ActiveModelSerializers::Adapter::Attributes (4.27ms)
Completed 200 OK in 41ms (Views: 9.5ms | ActiveRecord: 5.3ms | Allocations: 13089)


Started GET "/api/v1/users" for ::1 at 2021-01-08 14:03:49 -0800
  
ActionController::RoutingError (No route matches [GET] "/api/v1/users"):
  
Started GET "/users" for ::1 at 2021-01-08 14:04:19 -0800
Processing by UsersController#index as HTML
  [1m[35m (0.6ms)[0m  [1m[34mSELECT sqlite_version(*)[0m
  ↳ app/controllers/users_controller.rb:5:in `index'
  [1m[36mUser Load (1.9ms)[0m  [1m[34mSELECT "users".* FROM "users"[0m
  ↳ app/controllers/users_controller.rb:5:in `index'
[active_model_serializers]   [1m[36mBook Load (2.8ms)[0m  [1m[34mSELECT "books".* FROM "books" WHERE "books"."user_id" = ?[0m  [["user_id", 1]]
[active_model_serializers]   ↳ app/controllers/users_controller.rb:5:in `index'
[active_model_serializers]   [1m[36mBook Load (0.2ms)[0m  [1m[34mSELECT "books".* FROM "books" WHERE "books"."user_id" = ?[0m  [["user_id", 2]]
[active_model_serializers]   ↳ app/controllers/users_controller.rb:5:in `index'
[active_model_serializers]   [1m[36mBook Load (0.2ms)[0m  [1m[34mSELECT "books".* FROM "books" WHERE "books"."user_id" = ?[0m  [["user_id", 3]]
[active_model_serializers]   ↳ app/controllers/users_controller.rb:5:in `index'
[active_model_serializers]   [1m[36mBook Load (0.1ms)[0m  [1m[34mSELECT "books".* FROM "books" WHERE "books"."user_id" = ?[0m  [["user_id", 4]]
[active_model_serializers]   ↳ app/controllers/users_controller.rb:5:in `index'
[active_model_serializers] Rendered ActiveModel::Serializer::CollectionSerializer with ActiveModelSerializers::Adapter::Attributes (52.7ms)
Completed 200 OK in 95ms (Views: 91.3ms | ActiveRecord: 9.2ms | Allocations: 7366)


Started GET "/books" for ::1 at 2021-01-08 14:04:35 -0800
Processing by BooksController#index as HTML
  [1m[36mBook Load (0.3ms)[0m  [1m[34mSELECT "books".* FROM "books"[0m
  ↳ app/controllers/books_controller.rb:5:in `index'
[active_model_serializers]   [1m[36mUser Load (0.2ms)[0m  [1m[34mSELECT "users".* FROM "users" WHERE "users"."id" = ? LIMIT ?[0m  [["id", 1], ["LIMIT", 1]]
[active_model_serializers]   ↳ app/controllers/books_controller.rb:5:in `index'
[active_model_serializers]   [1m[36mUser Load (1.5ms)[0m  [1m[34mSELECT "users".* FROM "users" WHERE "users"."id" = ? LIMIT ?[0m  [["id", 3], ["LIMIT", 1]]
[active_model_serializers]   ↳ app/controllers/books_controller.rb:5:in `index'
[active_model_serializers]   [1m[36mCACHE User Load (0.0ms)[0m  [1m[34mSELECT "users".* FROM "users" WHERE "users"."id" = ? LIMIT ?[0m  [["id", 3], ["LIMIT", 1]]
[active_model_serializers]   ↳ app/controllers/books_controller.rb:5:in `index'
[active_model_serializers]   [1m[36mCACHE User Load (0.0ms)[0m  [1m[34mSELECT "users".* FROM "users" WHERE "users"."id" = ? LIMIT ?[0m  [["id", 3], ["LIMIT", 1]]
[active_model_serializers]   ↳ app/controllers/books_controller.rb:5:in `index'
[active_model_serializers]   [1m[36mUser Load (0.1ms)[0m  [1m[34mSELECT "users".* FROM "users" WHERE "users"."id" = ? LIMIT ?[0m  [["id", 2], ["LIMIT", 1]]
[active_model_serializers]   ↳ app/controllers/books_controller.rb:5:in `index'
[active_model_serializers]   [1m[36mCACHE User Load (0.0ms)[0m  [1m[34mSELECT "users".* FROM "users" WHERE "users"."id" = ? LIMIT ?[0m  [["id", 2], ["LIMIT", 1]]
[active_model_serializers]   ↳ app/controllers/books_controller.rb:5:in `index'
[active_model_serializers]   [1m[36mCACHE User Load (0.0ms)[0m  [1m[34mSELECT "users".* FROM "users" WHERE "users"."id" = ? LIMIT ?[0m  [["id", 2], ["LIMIT", 1]]
[active_model_serializers]   ↳ app/controllers/books_controller.rb:5:in `index'
[active_model_serializers]   [1m[36mUser Load (0.3ms)[0m  [1m[34mSELECT "users".* FROM "users" WHERE "users"."id" = ? LIMIT ?[0m  [["id", 4], ["LIMIT", 1]]
[active_model_serializers]   ↳ app/controllers/books_controller.rb:5:in `index'
[active_model_serializers]   [1m[36mCACHE User Load (0.0ms)[0m  [1m[34mSELECT "users".* FROM "users" WHERE "users"."id" = ? LIMIT ?[0m  [["id", 4], ["LIMIT", 1]]
[active_model_serializers]   ↳ app/controllers/books_controller.rb:5:in `index'
[active_model_serializers]   [1m[36mCACHE User Load (0.0ms)[0m  [1m[34mSELECT "users".* FROM "users" WHERE "users"."id" = ? LIMIT ?[0m  [["id", 4], ["LIMIT", 1]]
[active_model_serializers]   ↳ app/controllers/books_controller.rb:5:in `index'
[active_model_serializers] Rendered ActiveModel::Serializer::CollectionSerializer with ActiveModelSerializers::Adapter::Attributes (45.03ms)
Completed 200 OK in 50ms (Views: 46.5ms | ActiveRecord: 2.5ms | Allocations: 11478)


Started POST "/books" for ::1 at 2021-01-08 14:43:32 -0800
Processing by BooksController#create as JSON
  Parameters: {"book"=>{"title"=>"ddd", "author"=>"ddd", "review"=>"ddd", "rating"=>"4", "user_id"=>4}}
  [1m[35m (0.6ms)[0m  [1m[34mSELECT sqlite_version(*)[0m
  ↳ app/controllers/books_controller.rb:9:in `create'
  [1m[36mTRANSACTION (0.2ms)[0m  [1m[36mbegin transaction[0m
  ↳ app/controllers/books_controller.rb:9:in `create'
  [1m[36mUser Load (2.2ms)[0m  [1m[34mSELECT "users".* FROM "users" WHERE "users"."id" = ? LIMIT ?[0m  [["id", 4], ["LIMIT", 1]]
  ↳ app/controllers/books_controller.rb:9:in `create'
  [1m[36mBook Create (2.9ms)[0m  [1m[32mINSERT INTO "books" ("title", "author", "review", "rating", "user_id", "created_at", "updated_at") VALUES (?, ?, ?, ?, ?, ?, ?)[0m  [["title", "ddd"], ["author", "ddd"], ["review", "ddd"], ["rating", 4], ["user_id", 4], ["created_at", "2021-01-08 22:43:32.883582"], ["updated_at", "2021-01-08 22:43:32.883582"]]
  ↳ app/controllers/books_controller.rb:9:in `create'
  [1m[36mTRANSACTION (2.7ms)[0m  [1m[36mcommit transaction[0m
  ↳ app/controllers/books_controller.rb:9:in `create'
[active_model_serializers] Rendered BookSerializer with ActiveModelSerializers::Adapter::Attributes (3.1ms)
Completed 200 OK in 78ms (Views: 9.5ms | ActiveRecord: 9.9ms | Allocations: 3454)


Started POST "/books" for ::1 at 2021-01-08 14:43:35 -0800
Processing by BooksController#create as JSON
  Parameters: {"book"=>{"title"=>"ddd", "author"=>"ddd", "review"=>"ddd", "rating"=>"4", "user_id"=>4}}
  [1m[36mTRANSACTION (0.1ms)[0m  [1m[36mbegin transaction[0m
  ↳ app/controllers/books_controller.rb:9:in `create'
  [1m[36mUser Load (0.2ms)[0m  [1m[34mSELECT "users".* FROM "users" WHERE "users"."id" = ? LIMIT ?[0m  [["id", 4], ["LIMIT", 1]]
  ↳ app/controllers/books_controller.rb:9:in `create'
  [1m[36mBook Create (0.3ms)[0m  [1m[32mINSERT INTO "books" ("title", "author", "review", "rating", "user_id", "created_at", "updated_at") VALUES (?, ?, ?, ?, ?, ?, ?)[0m  [["title", "ddd"], ["author", "ddd"], ["review", "ddd"], ["rating", 4], ["user_id", 4], ["created_at", "2021-01-08 22:43:35.199849"], ["updated_at", "2021-01-08 22:43:35.199849"]]
  ↳ app/controllers/books_controller.rb:9:in `create'
  [1m[36mTRANSACTION (2.6ms)[0m  [1m[36mcommit transaction[0m
  ↳ app/controllers/books_controller.rb:9:in `create'
[active_model_serializers] Rendered BookSerializer with ActiveModelSerializers::Adapter::Attributes (0.66ms)
Completed 200 OK in 12ms (Views: 1.2ms | ActiveRecord: 3.3ms | Allocations: 2983)


Started POST "/books" for ::1 at 2021-01-08 15:03:17 -0800
Processing by BooksController#create as JSON
  Parameters: {"book"=>{"title"=>"ddd", "author"=>"ddd", "review"=>"ddd", "rating"=>"4", "user_id"=>4}}
  [1m[35m (0.2ms)[0m  [1m[34mSELECT sqlite_version(*)[0m
  ↳ app/controllers/books_controller.rb:9:in `create'
  [1m[36mTRANSACTION (0.1ms)[0m  [1m[36mbegin transaction[0m
  ↳ app/controllers/books_controller.rb:9:in `create'
  [1m[36mUser Load (2.4ms)[0m  [1m[34mSELECT "users".* FROM "users" WHERE "users"."id" = ? LIMIT ?[0m  [["id", 4], ["LIMIT", 1]]
  ↳ app/controllers/books_controller.rb:9:in `create'
  [1m[36mBook Create (6.2ms)[0m  [1m[32mINSERT INTO "books" ("title", "author", "review", "rating", "user_id", "created_at", "updated_at") VALUES (?, ?, ?, ?, ?, ?, ?)[0m  [["title", "ddd"], ["author", "ddd"], ["review", "ddd"], ["rating", 4], ["user_id", 4], ["created_at", "2021-01-08 23:03:17.723005"], ["updated_at", "2021-01-08 23:03:17.723005"]]
  ↳ app/controllers/books_controller.rb:9:in `create'
  [1m[36mTRANSACTION (6.8ms)[0m  [1m[36mcommit transaction[0m
  ↳ app/controllers/books_controller.rb:9:in `create'
[active_model_serializers] Rendered BookSerializer with ActiveModelSerializers::Adapter::Attributes (4.27ms)
Completed 200 OK in 57ms (Views: 8.4ms | ActiveRecord: 16.2ms | Allocations: 10845)


Started POST "/users" for ::1 at 2021-01-08 15:03:35 -0800
Processing by UsersController#create as JSON
  Parameters: {"user"=>{"name"=>"mango"}}
  [1m[36mUser Load (0.3ms)[0m  [1m[34mSELECT "users".* FROM "users" WHERE "users"."name" = ? LIMIT ?[0m  [["name", "mango"], ["LIMIT", 1]]
  ↳ app/controllers/users_controller.rb:11:in `create'
  [1m[36mTRANSACTION (0.1ms)[0m  [1m[36mbegin transaction[0m
  ↳ app/controllers/users_controller.rb:15:in `create'
  [1m[36mUser Create (0.6ms)[0m  [1m[32mINSERT INTO "users" ("name", "created_at", "updated_at") VALUES (?, ?, ?)[0m  [["name", "mango"], ["created_at", "2021-01-08 23:03:35.632464"], ["updated_at", "2021-01-08 23:03:35.632464"]]
  ↳ app/controllers/users_controller.rb:15:in `create'
  [1m[36mTRANSACTION (3.3ms)[0m  [1m[36mcommit transaction[0m
  ↳ app/controllers/users_controller.rb:15:in `create'
[active_model_serializers]   [1m[36mBook Load (0.3ms)[0m  [1m[34mSELECT "books".* FROM "books" WHERE "books"."user_id" = ?[0m  [["user_id", 5]]
[active_model_serializers]   ↳ app/controllers/users_controller.rb:17:in `create'
[active_model_serializers] Rendered UserSerializer with ActiveModelSerializers::Adapter::Attributes (5.41ms)
Completed 200 OK in 23ms (Views: 6.2ms | ActiveRecord: 4.6ms | Allocations: 3721)


Started POST "/books" for ::1 at 2021-01-08 15:03:45 -0800
Processing by BooksController#create as JSON
  Parameters: {"book"=>{"title"=>"hhh", "author"=>"hhh", "review"=>"hhh", "rating"=>"4", "user_id"=>5}}
  [1m[36mTRANSACTION (0.1ms)[0m  [1m[36mbegin transaction[0m
  ↳ app/controllers/books_controller.rb:9:in `create'
  [1m[36mUser Load (0.1ms)[0m  [1m[34mSELECT "users".* FROM "users" WHERE "users"."id" = ? LIMIT ?[0m  [["id", 5], ["LIMIT", 1]]
  ↳ app/controllers/books_controller.rb:9:in `create'
  [1m[36mBook Create (0.5ms)[0m  [1m[32mINSERT INTO "books" ("title", "author", "review", "rating", "user_id", "created_at", "updated_at") VALUES (?, ?, ?, ?, ?, ?, ?)[0m  [["title", "hhh"], ["author", "hhh"], ["review", "hhh"], ["rating", 4], ["user_id", 5], ["created_at", "2021-01-08 23:03:45.456568"], ["updated_at", "2021-01-08 23:03:45.456568"]]
  ↳ app/controllers/books_controller.rb:9:in `create'
  [1m[36mTRANSACTION (2.7ms)[0m  [1m[36mcommit transaction[0m
  ↳ app/controllers/books_controller.rb:9:in `create'
[active_model_serializers] Rendered BookSerializer with ActiveModelSerializers::Adapter::Attributes (0.48ms)
Completed 200 OK in 11ms (Views: 1.0ms | ActiveRecord: 3.5ms | Allocations: 2983)


Started DELETE "/books/14" for ::1 at 2021-01-08 15:03:52 -0800
Processing by BooksController#destroy as */*
  Parameters: {"id"=>"14"}
  [1m[36mBook Load (0.4ms)[0m  [1m[34mSELECT "books".* FROM "books" WHERE "books"."id" = ? LIMIT ?[0m  [["id", 14], ["LIMIT", 1]]
  ↳ app/controllers/books_controller.rb:15:in `destroy'
  [1m[36mTRANSACTION (0.1ms)[0m  [1m[36mbegin transaction[0m
  ↳ app/controllers/books_controller.rb:15:in `destroy'
  [1m[36mBook Destroy (0.9ms)[0m  [1m[31mDELETE FROM "books" WHERE "books"."id" = ?[0m  [["id", 14]]
  ↳ app/controllers/books_controller.rb:15:in `destroy'
  [1m[36mTRANSACTION (5.0ms)[0m  [1m[36mcommit transaction[0m
  ↳ app/controllers/books_controller.rb:15:in `destroy'
[active_model_serializers]   [1m[36mUser Load (0.2ms)[0m  [1m[34mSELECT "users".* FROM "users" WHERE "users"."id" = ? LIMIT ?[0m  [["id", 5], ["LIMIT", 1]]
[active_model_serializers]   ↳ app/controllers/books_controller.rb:16:in `destroy'
[active_model_serializers] Rendered BookSerializer with ActiveModelSerializers::Adapter::Attributes (3.92ms)
Completed 200 OK in 18ms (Views: 5.1ms | ActiveRecord: 6.6ms | Allocations: 3028)


Started POST "/books" for ::1 at 2021-01-08 15:04:07 -0800
Processing by BooksController#create as JSON
  Parameters: {"book"=>{"title"=>"hhh", "author"=>"hhh", "review"=>"hhh", "rating"=>"4", "user_id"=>5}}
  [1m[36mTRANSACTION (0.1ms)[0m  [1m[36mbegin transaction[0m
  ↳ app/controllers/books_controller.rb:9:in `create'
  [1m[36mUser Load (0.1ms)[0m  [1m[34mSELECT "users".* FROM "users" WHERE "users"."id" = ? LIMIT ?[0m  [["id", 5], ["LIMIT", 1]]
  ↳ app/controllers/books_controller.rb:9:in `create'
  [1m[36mBook Create (0.3ms)[0m  [1m[32mINSERT INTO "books" ("title", "author", "review", "rating", "user_id", "created_at", "updated_at") VALUES (?, ?, ?, ?, ?, ?, ?)[0m  [["title", "hhh"], ["author", "hhh"], ["review", "hhh"], ["rating", 4], ["user_id", 5], ["created_at", "2021-01-08 23:04:07.782442"], ["updated_at", "2021-01-08 23:04:07.782442"]]
  ↳ app/controllers/books_controller.rb:9:in `create'
  [1m[36mTRANSACTION (2.6ms)[0m  [1m[36mcommit transaction[0m
  ↳ app/controllers/books_controller.rb:9:in `create'
[active_model_serializers] Rendered BookSerializer with ActiveModelSerializers::Adapter::Attributes (0.49ms)
Completed 200 OK in 10ms (Views: 1.0ms | ActiveRecord: 3.1ms | Allocations: 2983)


Started POST "/users" for ::1 at 2021-01-08 15:05:58 -0800
Processing by UsersController#create as JSON
  Parameters: {"user"=>{"name"=>"johny"}}
  [1m[36mUser Load (2.5ms)[0m  [1m[34mSELECT "users".* FROM "users" WHERE "users"."name" = ? LIMIT ?[0m  [["name", "johny"], ["LIMIT", 1]]
  ↳ app/controllers/users_controller.rb:11:in `create'
  [1m[36mTRANSACTION (0.1ms)[0m  [1m[36mbegin transaction[0m
  ↳ app/controllers/users_controller.rb:15:in `create'
  [1m[36mUser Create (0.4ms)[0m  [1m[32mINSERT INTO "users" ("name", "created_at", "updated_at") VALUES (?, ?, ?)[0m  [["name", "johny"], ["created_at", "2021-01-08 23:05:58.442720"], ["updated_at", "2021-01-08 23:05:58.442720"]]
  ↳ app/controllers/users_controller.rb:15:in `create'
  [1m[36mTRANSACTION (2.4ms)[0m  [1m[36mcommit transaction[0m
  ↳ app/controllers/users_controller.rb:15:in `create'
[active_model_serializers]   [1m[36mBook Load (0.1ms)[0m  [1m[34mSELECT "books".* FROM "books" WHERE "books"."user_id" = ?[0m  [["user_id", 6]]
[active_model_serializers]   ↳ app/controllers/users_controller.rb:17:in `create'
[active_model_serializers] Rendered UserSerializer with ActiveModelSerializers::Adapter::Attributes (2.12ms)
Completed 200 OK in 15ms (Views: 2.5ms | ActiveRecord: 5.5ms | Allocations: 3242)


Started POST "/books" for ::1 at 2021-01-08 15:06:43 -0800
Processing by BooksController#create as JSON
  Parameters: {"book"=>{"title"=>"Beautiful", "author"=>"Gabriela Johnson", "review"=>"2", "rating"=>"3", "user_id"=>6}}
  [1m[36mTRANSACTION (0.0ms)[0m  [1m[36mbegin transaction[0m
  ↳ app/controllers/books_controller.rb:9:in `create'
  [1m[36mUser Load (0.1ms)[0m  [1m[34mSELECT "users".* FROM "users" WHERE "users"."id" = ? LIMIT ?[0m  [["id", 6], ["LIMIT", 1]]
  ↳ app/controllers/books_controller.rb:9:in `create'
  [1m[36mBook Create (0.3ms)[0m  [1m[32mINSERT INTO "books" ("title", "author", "review", "rating", "user_id", "created_at", "updated_at") VALUES (?, ?, ?, ?, ?, ?, ?)[0m  [["title", "Beautiful"], ["author", "Gabriela Johnson"], ["review", "2"], ["rating", 3], ["user_id", 6], ["created_at", "2021-01-08 23:06:43.116199"], ["updated_at", "2021-01-08 23:06:43.116199"]]
  ↳ app/controllers/books_controller.rb:9:in `create'
  [1m[36mTRANSACTION (2.7ms)[0m  [1m[36mcommit transaction[0m
  ↳ app/controllers/books_controller.rb:9:in `create'
[active_model_serializers] Rendered BookSerializer with ActiveModelSerializers::Adapter::Attributes (0.63ms)
Completed 200 OK in 10ms (Views: 1.4ms | ActiveRecord: 3.2ms | Allocations: 2983)


Started POST "/users" for ::1 at 2021-01-08 15:09:30 -0800
Processing by UsersController#create as JSON
  Parameters: {"user"=>{"name"=>"Connie"}}
  [1m[36mUser Load (0.2ms)[0m  [1m[34mSELECT "users".* FROM "users" WHERE "users"."name" = ? LIMIT ?[0m  [["name", "Connie"], ["LIMIT", 1]]
  ↳ app/controllers/users_controller.rb:11:in `create'
  [1m[36mTRANSACTION (0.1ms)[0m  [1m[36mbegin transaction[0m
  ↳ app/controllers/users_controller.rb:15:in `create'
  [1m[36mUser Create (0.4ms)[0m  [1m[32mINSERT INTO "users" ("name", "created_at", "updated_at") VALUES (?, ?, ?)[0m  [["name", "Connie"], ["created_at", "2021-01-08 23:09:30.293433"], ["updated_at", "2021-01-08 23:09:30.293433"]]
  ↳ app/controllers/users_controller.rb:15:in `create'
  [1m[36mTRANSACTION (1.8ms)[0m  [1m[36mcommit transaction[0m
  ↳ app/controllers/users_controller.rb:15:in `create'
[active_model_serializers]   [1m[36mBook Load (0.1ms)[0m  [1m[34mSELECT "books".* FROM "books" WHERE "books"."user_id" = ?[0m  [["user_id", 7]]
[active_model_serializers]   ↳ app/controllers/users_controller.rb:17:in `create'
[active_model_serializers] Rendered UserSerializer with ActiveModelSerializers::Adapter::Attributes (2.59ms)
Completed 200 OK in 12ms (Views: 2.9ms | ActiveRecord: 2.6ms | Allocations: 3242)


Started POST "/books" for ::1 at 2021-01-08 15:09:56 -0800
Processing by BooksController#create as JSON
  Parameters: {"book"=>{"title"=>"WHAT", "author"=>"jenna", "review"=>"very good", "rating"=>"4", "user_id"=>7}}
  [1m[36mTRANSACTION (0.1ms)[0m  [1m[36mbegin transaction[0m
  ↳ app/controllers/books_controller.rb:9:in `create'
  [1m[36mUser Load (0.2ms)[0m  [1m[34mSELECT "users".* FROM "users" WHERE "users"."id" = ? LIMIT ?[0m  [["id", 7], ["LIMIT", 1]]
  ↳ app/controllers/books_controller.rb:9:in `create'
  [1m[36mBook Create (2.9ms)[0m  [1m[32mINSERT INTO "books" ("title", "author", "review", "rating", "user_id", "created_at", "updated_at") VALUES (?, ?, ?, ?, ?, ?, ?)[0m  [["title", "WHAT"], ["author", "jenna"], ["review", "very good"], ["rating", 4], ["user_id", 7], ["created_at", "2021-01-08 23:09:56.546414"], ["updated_at", "2021-01-08 23:09:56.546414"]]
  ↳ app/controllers/books_controller.rb:9:in `create'
  [1m[36mTRANSACTION (2.9ms)[0m  [1m[36mcommit transaction[0m
  ↳ app/controllers/books_controller.rb:9:in `create'
[active_model_serializers] Rendered BookSerializer with ActiveModelSerializers::Adapter::Attributes (0.61ms)
Completed 200 OK in 17ms (Views: 1.3ms | ActiveRecord: 6.0ms | Allocations: 2983)


Started DELETE "/books/17" for ::1 at 2021-01-08 15:10:06 -0800
Processing by BooksController#destroy as */*
  Parameters: {"id"=>"17"}
  [1m[36mBook Load (0.2ms)[0m  [1m[34mSELECT "books".* FROM "books" WHERE "books"."id" = ? LIMIT ?[0m  [["id", 17], ["LIMIT", 1]]
  ↳ app/controllers/books_controller.rb:15:in `destroy'
  [1m[36mTRANSACTION (0.1ms)[0m  [1m[36mbegin transaction[0m
  ↳ app/controllers/books_controller.rb:15:in `destroy'
  [1m[36mBook Destroy (0.8ms)[0m  [1m[31mDELETE FROM "books" WHERE "books"."id" = ?[0m  [["id", 17]]
  ↳ app/controllers/books_controller.rb:15:in `destroy'
  [1m[36mTRANSACTION (4.2ms)[0m  [1m[36mcommit transaction[0m
  ↳ app/controllers/books_controller.rb:15:in `destroy'
[active_model_serializers]   [1m[36mUser Load (0.2ms)[0m  [1m[34mSELECT "users".* FROM "users" WHERE "users"."id" = ? LIMIT ?[0m  [["id", 7], ["LIMIT", 1]]
[active_model_serializers]   ↳ app/controllers/books_controller.rb:16:in `destroy'
[active_model_serializers] Rendered BookSerializer with ActiveModelSerializers::Adapter::Attributes (3.99ms)
Completed 200 OK in 18ms (Views: 4.3ms | ActiveRecord: 5.5ms | Allocations: 2887)


Started POST "/books" for ::1 at 2021-01-08 15:10:08 -0800
Processing by BooksController#create as JSON
  Parameters: {"book"=>{"title"=>"WHAT", "author"=>"jenna", "review"=>"very good", "rating"=>"4", "user_id"=>7}}
  [1m[36mTRANSACTION (0.0ms)[0m  [1m[36mbegin transaction[0m
  ↳ app/controllers/books_controller.rb:9:in `create'
  [1m[36mUser Load (0.1ms)[0m  [1m[34mSELECT "users".* FROM "users" WHERE "users"."id" = ? LIMIT ?[0m  [["id", 7], ["LIMIT", 1]]
  ↳ app/controllers/books_controller.rb:9:in `create'
  [1m[36mBook Create (0.3ms)[0m  [1m[32mINSERT INTO "books" ("title", "author", "review", "rating", "user_id", "created_at", "updated_at") VALUES (?, ?, ?, ?, ?, ?, ?)[0m  [["title", "WHAT"], ["author", "jenna"], ["review", "very good"], ["rating", 4], ["user_id", 7], ["created_at", "2021-01-08 23:10:08.572642"], ["updated_at", "2021-01-08 23:10:08.572642"]]
  ↳ app/controllers/books_controller.rb:9:in `create'
  [1m[36mTRANSACTION (2.5ms)[0m  [1m[36mcommit transaction[0m
  ↳ app/controllers/books_controller.rb:9:in `create'
[active_model_serializers] Rendered BookSerializer with ActiveModelSerializers::Adapter::Attributes (0.52ms)
Completed 200 OK in 10ms (Views: 1.0ms | ActiveRecord: 3.1ms | Allocations: 2983)


Started POST "/users" for ::1 at 2021-01-08 15:19:18 -0800
Processing by UsersController#create as JSON
  Parameters: {"user"=>{"name"=>"gabriela"}}
  [1m[35m (0.3ms)[0m  [1m[34mSELECT sqlite_version(*)[0m
  ↳ app/controllers/users_controller.rb:11:in `create'
  [1m[36mUser Load (4.9ms)[0m  [1m[34mSELECT "users".* FROM "users" WHERE "users"."name" = ? LIMIT ?[0m  [["name", "gabriela"], ["LIMIT", 1]]
  ↳ app/controllers/users_controller.rb:11:in `create'
  [1m[36mTRANSACTION (0.1ms)[0m  [1m[36mbegin transaction[0m
  ↳ app/controllers/users_controller.rb:15:in `create'
  [1m[36mUser Create (2.5ms)[0m  [1m[32mINSERT INTO "users" ("name", "created_at", "updated_at") VALUES (?, ?, ?)[0m  [["name", "gabriela"], ["created_at", "2021-01-08 23:19:18.830526"], ["updated_at", "2021-01-08 23:19:18.830526"]]
  ↳ app/controllers/users_controller.rb:15:in `create'
  [1m[36mTRANSACTION (2.6ms)[0m  [1m[36mcommit transaction[0m
  ↳ app/controllers/users_controller.rb:15:in `create'
[active_model_serializers]   [1m[36mBook Load (2.4ms)[0m  [1m[34mSELECT "books".* FROM "books" WHERE "books"."user_id" = ?[0m  [["user_id", 8]]
[active_model_serializers]   ↳ app/controllers/users_controller.rb:17:in `create'
[active_model_serializers] Rendered UserSerializer with ActiveModelSerializers::Adapter::Attributes (11.76ms)
Completed 200 OK in 54ms (Views: 11.8ms | ActiveRecord: 14.0ms | Allocations: 3722)


Started POST "/books" for ::1 at 2021-01-08 15:19:20 -0800
Processing by BooksController#create as JSON
  Parameters: {"book"=>{"title"=>"", "author"=>"", "review"=>"", "rating"=>"", "user_id"=>8}}
  [1m[36mTRANSACTION (0.1ms)[0m  [1m[36mbegin transaction[0m
  ↳ app/controllers/books_controller.rb:9:in `create'
  [1m[36mUser Load (0.2ms)[0m  [1m[34mSELECT "users".* FROM "users" WHERE "users"."id" = ? LIMIT ?[0m  [["id", 8], ["LIMIT", 1]]
  ↳ app/controllers/books_controller.rb:9:in `create'
  [1m[36mTRANSACTION (0.1ms)[0m  [1m[31mrollback transaction[0m
  ↳ app/controllers/books_controller.rb:9:in `create'
Completed 422 Unprocessable Entity in 57ms (ActiveRecord: 0.3ms | Allocations: 7048)


  
ActiveRecord::RecordInvalid (Validation failed: Title can't be blank, Author can't be blank, Review can't be blank, Rating can't be blank):
  
app/controllers/books_controller.rb:10:in `create'
Started POST "/users" for ::1 at 2021-01-08 15:19:52 -0800
Processing by UsersController#create as JSON
  Parameters: {"user"=>{"name"=>"Jenna"}}
  [1m[36mUser Load (0.1ms)[0m  [1m[34mSELECT "users".* FROM "users" WHERE "users"."name" = ? LIMIT ?[0m  [["name", "Jenna"], ["LIMIT", 1]]
  ↳ app/controllers/users_controller.rb:11:in `create'
  [1m[36mCACHE User Load (0.0ms)[0m  [1m[34mSELECT "users".* FROM "users" WHERE "users"."name" = ? LIMIT ?[0m  [["name", "Jenna"], ["LIMIT", 1]]
  ↳ app/controllers/users_controller.rb:12:in `create'
Redirected to http://localhost:3000/users/2
Completed 302 Found in 3ms (ActiveRecord: 0.1ms | Allocations: 895)


Started GET "/users/2" for ::1 at 2021-01-08 15:19:52 -0800
Processing by UsersController#show as JSON
  Parameters: {"id"=>"2", "user"=>{}}
  [1m[36mUser Load (0.1ms)[0m  [1m[34mSELECT "users".* FROM "users" WHERE "users"."id" = ? LIMIT ?[0m  [["id", 2], ["LIMIT", 1]]
  ↳ app/controllers/users_controller.rb:22:in `show'
[active_model_serializers]   [1m[36mBook Load (2.2ms)[0m  [1m[34mSELECT "books".* FROM "books" WHERE "books"."user_id" = ?[0m  [["user_id", 2]]
[active_model_serializers]   ↳ app/controllers/users_controller.rb:23:in `show'
[active_model_serializers] Rendered UserSerializer with ActiveModelSerializers::Adapter::Attributes (5.87ms)
Completed 200 OK in 9ms (Views: 4.2ms | ActiveRecord: 2.3ms | Allocations: 2076)


Started POST "/users" for ::1 at 2021-01-08 15:20:54 -0800
Processing by UsersController#create as JSON
  Parameters: {"user"=>{"name"=>"Jenna"}}
  [1m[36mUser Load (0.1ms)[0m  [1m[34mSELECT "users".* FROM "users" WHERE "users"."name" = ? LIMIT ?[0m  [["name", "Jenna"], ["LIMIT", 1]]
  ↳ app/controllers/users_controller.rb:11:in `create'
  [1m[36mCACHE User Load (0.0ms)[0m  [1m[34mSELECT "users".* FROM "users" WHERE "users"."name" = ? LIMIT ?[0m  [["name", "Jenna"], ["LIMIT", 1]]
  ↳ app/controllers/users_controller.rb:12:in `create'
Redirected to http://localhost:3000/users/2
Completed 302 Found in 2ms (ActiveRecord: 0.2ms | Allocations: 894)


Started GET "/users/2" for ::1 at 2021-01-08 15:20:54 -0800
Processing by UsersController#show as JSON
  Parameters: {"id"=>"2", "user"=>{}}
  [1m[36mUser Load (0.1ms)[0m  [1m[34mSELECT "users".* FROM "users" WHERE "users"."id" = ? LIMIT ?[0m  [["id", 2], ["LIMIT", 1]]
  ↳ app/controllers/users_controller.rb:22:in `show'
[active_model_serializers]   [1m[36mBook Load (0.1ms)[0m  [1m[34mSELECT "books".* FROM "books" WHERE "books"."user_id" = ?[0m  [["user_id", 2]]
[active_model_serializers]   ↳ app/controllers/users_controller.rb:23:in `show'
[active_model_serializers] Rendered UserSerializer with ActiveModelSerializers::Adapter::Attributes (3.3ms)
Completed 200 OK in 5ms (Views: 3.6ms | ActiveRecord: 0.3ms | Allocations: 1936)


Started POST "/users" for ::1 at 2021-01-08 15:30:13 -0800
Processing by UsersController#create as JSON
  Parameters: {"user"=>{"name"=>"gabriela"}}
  [1m[35m (0.1ms)[0m  [1m[34mSELECT sqlite_version(*)[0m
  ↳ app/controllers/users_controller.rb:11:in `create'
  [1m[36mUser Load (2.2ms)[0m  [1m[34mSELECT "users".* FROM "users" WHERE "users"."name" = ? LIMIT ?[0m  [["name", "gabriela"], ["LIMIT", 1]]
  ↳ app/controllers/users_controller.rb:11:in `create'
  [1m[36mCACHE User Load (0.0ms)[0m  [1m[34mSELECT "users".* FROM "users" WHERE "users"."name" = ? LIMIT ?[0m  [["name", "gabriela"], ["LIMIT", 1]]
  ↳ app/controllers/users_controller.rb:12:in `create'
Completed 204 No Content in 15ms (ActiveRecord: 2.9ms | Allocations: 3451)


Started POST "/users" for ::1 at 2021-01-08 15:30:26 -0800
Processing by UsersController#create as JSON
  Parameters: {"user"=>{"name"=>"gabriela"}}
  [1m[35m (0.3ms)[0m  [1m[34mSELECT sqlite_version(*)[0m
  ↳ app/controllers/users_controller.rb:11:in `create'
  [1m[36mUser Load (0.1ms)[0m  [1m[34mSELECT "users".* FROM "users" WHERE "users"."name" = ? LIMIT ?[0m  [["name", "gabriela"], ["LIMIT", 1]]
  ↳ app/controllers/users_controller.rb:11:in `create'
  [1m[36mCACHE User Load (0.0ms)[0m  [1m[34mSELECT "users".* FROM "users" WHERE "users"."name" = ? LIMIT ?[0m  [["name", "gabriela"], ["LIMIT", 1]]
  ↳ app/controllers/users_controller.rb:12:in `create'
Redirected to http://localhost:3000/users/8
Completed 302 Found in 11ms (ActiveRecord: 1.5ms | Allocations: 3847)


Started GET "/users/8" for ::1 at 2021-01-08 15:30:26 -0800
Processing by UsersController#show as JSON
  Parameters: {"id"=>"8", "user"=>{}}
  [1m[36mUser Load (0.2ms)[0m  [1m[34mSELECT "users".* FROM "users" WHERE "users"."id" = ? LIMIT ?[0m  [["id", 8], ["LIMIT", 1]]
  ↳ app/controllers/users_controller.rb:22:in `show'
[active_model_serializers]   [1m[36mBook Load (0.4ms)[0m  [1m[34mSELECT "books".* FROM "books" WHERE "books"."user_id" = ?[0m  [["user_id", 8]]
[active_model_serializers]   ↳ app/controllers/users_controller.rb:23:in `show'
[active_model_serializers] Rendered UserSerializer with ActiveModelSerializers::Adapter::Attributes (10.02ms)
Completed 200 OK in 16ms (Views: 13.1ms | ActiveRecord: 1.0ms | Allocations: 3222)


Started POST "/users" for ::1 at 2021-01-08 15:40:46 -0800
Processing by UsersController#create as JSON
  Parameters: {"user"=>{"name"=>"semmy"}}
  [1m[35m (0.1ms)[0m  [1m[34mSELECT sqlite_version(*)[0m
  ↳ app/controllers/users_controller.rb:11:in `create'
  [1m[36mUser Load (2.1ms)[0m  [1m[34mSELECT "users".* FROM "users" WHERE "users"."name" = ? LIMIT ?[0m  [["name", "semmy"], ["LIMIT", 1]]
  ↳ app/controllers/users_controller.rb:11:in `create'
  [1m[36mTRANSACTION (0.1ms)[0m  [1m[36mbegin transaction[0m
  ↳ app/controllers/users_controller.rb:15:in `create'
  [1m[36mUser Create (3.3ms)[0m  [1m[32mINSERT INTO "users" ("name", "created_at", "updated_at") VALUES (?, ?, ?)[0m  [["name", "semmy"], ["created_at", "2021-01-08 23:40:46.150171"], ["updated_at", "2021-01-08 23:40:46.150171"]]
  ↳ app/controllers/users_controller.rb:15:in `create'
  [1m[36mTRANSACTION (2.8ms)[0m  [1m[36mcommit transaction[0m
  ↳ app/controllers/users_controller.rb:15:in `create'
[active_model_serializers]   [1m[36mBook Load (2.2ms)[0m  [1m[34mSELECT "books".* FROM "books" WHERE "books"."user_id" = ?[0m  [["user_id", 9]]
[active_model_serializers]   ↳ app/controllers/users_controller.rb:17:in `create'
[active_model_serializers] Rendered UserSerializer with ActiveModelSerializers::Adapter::Attributes (5.47ms)
Completed 200 OK in 30ms (Views: 4.1ms | ActiveRecord: 11.7ms | Allocations: 3824)


